[ 2016-03-11T16:01:57+08:00 ]  
INFO: [ app_init ] --START--
INFO: Run Behavior\BuildLiteBehavior [ RunTime:0.000019s ]
INFO: [ app_init ] --END-- [ RunTime:0.000475s ]
NOTIC: [8] Undefined index: REQUEST_METHOD /Applications/XAMPP/xamppfiles/htdocs/rmsdaemon/ThinkPHP/Library/Think/App.class.php 第 31 行.
NOTIC: [8] Undefined index: REQUEST_URI /Applications/XAMPP/xamppfiles/htdocs/rmsdaemon/ThinkPHP/Library/Think/Dispatcher.class.php 第 137 行.
NOTIC: [8] Use of undefined constant _PHP_FILE_ - assumed '_PHP_FILE_' /Applications/XAMPP/xamppfiles/htdocs/rmsdaemon/ThinkPHP/Library/Think/Dispatcher.class.php 第 191 行.
INFO: [ app_begin ] --START--
INFO: Run Behavior\ReadHtmlCacheBehavior [ RunTime:0.000617s ]
INFO: [ app_begin ] --END-- [ RunTime:0.000677s ]
ERR: 无法加载控制器:OldWebDownload

[ 2016-03-11T16:02:11+08:00 ]  
INFO: [ app_init ] --START--
INFO: Run Behavior\BuildLiteBehavior [ RunTime:0.000012s ]
INFO: [ app_init ] --END-- [ RunTime:0.000245s ]
NOTIC: [8] Undefined index: REQUEST_METHOD /Applications/XAMPP/xamppfiles/htdocs/rmsdaemon/ThinkPHP/Library/Think/App.class.php 第 31 行.
NOTIC: [8] Undefined index: REQUEST_URI /Applications/XAMPP/xamppfiles/htdocs/rmsdaemon/ThinkPHP/Library/Think/Dispatcher.class.php 第 137 行.
NOTIC: [8] Use of undefined constant _PHP_FILE_ - assumed '_PHP_FILE_' /Applications/XAMPP/xamppfiles/htdocs/rmsdaemon/ThinkPHP/Library/Think/Dispatcher.class.php 第 191 行.
INFO: [ app_begin ] --START--
INFO: Run Behavior\ReadHtmlCacheBehavior [ RunTime:0.000257s ]
INFO: [ app_begin ] --END-- [ RunTime:0.000285s ]
INFO: [ view_parse ] --START--
INFO: [ template_filter ] --START--
NOTIC: [8] Use of undefined constant __ROOT__ - assumed '__ROOT__' /Applications/XAMPP/xamppfiles/htdocs/rmsdaemon/ThinkPHP/Library/Behavior/ContentReplaceBehavior.class.php 第 31 行.
NOTIC: [8] Use of undefined constant __ROOT__ - assumed '__ROOT__' /Applications/XAMPP/xamppfiles/htdocs/rmsdaemon/ThinkPHP/Library/Behavior/ContentReplaceBehavior.class.php 第 38 行.
INFO: Run Behavior\ContentReplaceBehavior [ RunTime:0.000059s ]
INFO: [ template_filter ] --END-- [ RunTime:0.000105s ]
INFO: Run Behavior\ParseTemplateBehavior [ RunTime:0.016386s ]
INFO: [ view_parse ] --END-- [ RunTime:0.016445s ]
INFO: [ view_filter ] --START--
INFO: Run Behavior\WriteHtmlCacheBehavior [ RunTime:0.000317s ]
INFO: [ view_filter ] --END-- [ RunTime:0.000344s ]
INFO: [ app_end ] --START--
INFO: Run Behavior\ShowPageTraceBehavior [ RunTime:0.000538s ]
INFO: [ app_end ] --END-- [ RunTime:0.000578s ]

[ 2016-03-11T16:02:18+08:00 ]  
INFO: [ app_init ] --START--
INFO: Run Behavior\BuildLiteBehavior [ RunTime:0.000012s ]
INFO: [ app_init ] --END-- [ RunTime:0.000237s ]
NOTIC: [8] Undefined index: REQUEST_METHOD /Applications/XAMPP/xamppfiles/htdocs/rmsdaemon/ThinkPHP/Library/Think/App.class.php 第 31 行.
NOTIC: [8] Undefined index: REQUEST_URI /Applications/XAMPP/xamppfiles/htdocs/rmsdaemon/ThinkPHP/Library/Think/Dispatcher.class.php 第 137 行.
NOTIC: [8] Use of undefined constant _PHP_FILE_ - assumed '_PHP_FILE_' /Applications/XAMPP/xamppfiles/htdocs/rmsdaemon/ThinkPHP/Library/Think/Dispatcher.class.php 第 191 行.
INFO: [ app_begin ] --START--
INFO: Run Behavior\ReadHtmlCacheBehavior [ RunTime:0.000252s ]
INFO: [ app_begin ] --END-- [ RunTime:0.000281s ]
ERR: 无法加载控制器:OldWebDownload

[ 2016-03-11T16:02:19+08:00 ]  
INFO: [ app_init ] --START--
INFO: Run Behavior\BuildLiteBehavior [ RunTime:0.000015s ]
INFO: [ app_init ] --END-- [ RunTime:0.000289s ]
NOTIC: [8] Undefined index: REQUEST_METHOD /Applications/XAMPP/xamppfiles/htdocs/rmsdaemon/ThinkPHP/Library/Think/App.class.php 第 31 行.
NOTIC: [8] Undefined index: REQUEST_URI /Applications/XAMPP/xamppfiles/htdocs/rmsdaemon/ThinkPHP/Library/Think/Dispatcher.class.php 第 137 行.
NOTIC: [8] Use of undefined constant _PHP_FILE_ - assumed '_PHP_FILE_' /Applications/XAMPP/xamppfiles/htdocs/rmsdaemon/ThinkPHP/Library/Think/Dispatcher.class.php 第 191 行.
INFO: [ app_begin ] --START--
INFO: Run Behavior\ReadHtmlCacheBehavior [ RunTime:0.000302s ]
INFO: [ app_begin ] --END-- [ RunTime:0.000335s ]
ERR: 无法加载控制器:OldWebDownload

