[ 2016-03-20T10:12:26+08:00 ]  
INFO: [ app_init ] --START--
INFO: Run Behavior\BuildLiteBehavior [ RunTime:0.000023s ]
INFO: [ app_init ] --END-- [ RunTime:0.002220s ]
NOTIC: [8] Undefined index: REQUEST_METHOD /Applications/XAMPP/xamppfiles/htdocs/rmsdaemon/ThinkPHP/Library/Think/App.class.php 第 31 行.
NOTIC: [8] Undefined index: REQUEST_URI /Applications/XAMPP/xamppfiles/htdocs/rmsdaemon/ThinkPHP/Library/Think/Dispatcher.class.php 第 137 行.
NOTIC: [8] Use of undefined constant _PHP_FILE_ - assumed '_PHP_FILE_' /Applications/XAMPP/xamppfiles/htdocs/rmsdaemon/ThinkPHP/Library/Think/Dispatcher.class.php 第 184 行.
INFO: [ app_begin ] --START--
INFO: Run Behavior\ReadHtmlCacheBehavior [ RunTime:0.000906s ]
INFO: [ app_begin ] --END-- [ RunTime:0.000975s ]
NOTIC: [2] curl_setopt(): You must pass either an object or an array with the CURLOPT_HTTPHEADER argument /Applications/XAMPP/xamppfiles/htdocs/rmsdaemon/Application/Home/Common/function.php 第 35 行.
NOTIC: [8] Undefined index: orderformid /Applications/XAMPP/xamppfiles/htdocs/rmsdaemon/Application/Home/Controller/AssistantController.class.php 第 52 行.
NOTIC: [8] Undefined index: ordersn /Applications/XAMPP/xamppfiles/htdocs/rmsdaemon/Application/Home/Controller/AssistantController.class.php 第 53 行.
NOTIC: [8] Undefined index: address /Applications/XAMPP/xamppfiles/htdocs/rmsdaemon/Application/Home/Controller/AssistantController.class.php 第 55 行.
NOTIC: [8] Undefined index: telphone /Applications/XAMPP/xamppfiles/htdocs/rmsdaemon/Application/Home/Controller/AssistantController.class.php 第 57 行.
NOTIC: [8] Undefined index: custtime /Applications/XAMPP/xamppfiles/htdocs/rmsdaemon/Application/Home/Controller/AssistantController.class.php 第 59 行.
NOTIC: [8] Undefined index: beizhu /Applications/XAMPP/xamppfiles/htdocs/rmsdaemon/Application/Home/Controller/AssistantController.class.php 第 61 行.
NOTIC: [8] Undefined index: invoiceheader /Applications/XAMPP/xamppfiles/htdocs/rmsdaemon/Application/Home/Controller/AssistantController.class.php 第 63 行.
NOTIC: [8] Undefined index: invoicebody /Applications/XAMPP/xamppfiles/htdocs/rmsdaemon/Application/Home/Controller/AssistantController.class.php 第 65 行.
NOTIC: [8] Undefined index: totalmoney /Applications/XAMPP/xamppfiles/htdocs/rmsdaemon/Application/Home/Controller/AssistantController.class.php 第 67 行.
NOTIC: [8] Undefined index: shouldmoney /Applications/XAMPP/xamppfiles/htdocs/rmsdaemon/Application/Home/Controller/AssistantController.class.php 第 69 行.
NOTIC: [8] Undefined index: paidmoney /Applications/XAMPP/xamppfiles/htdocs/rmsdaemon/Application/Home/Controller/AssistantController.class.php 第 71 行.
NOTIC: [8] Undefined index: origian /Applications/XAMPP/xamppfiles/htdocs/rmsdaemon/Application/Home/Controller/AssistantController.class.php 第 73 行.
NOTIC: [8] Undefined index: latitude /Applications/XAMPP/xamppfiles/htdocs/rmsdaemon/Application/Home/Controller/AssistantController.class.php 第 77 行.
NOTIC: [8] Undefined index: longitude /Applications/XAMPP/xamppfiles/htdocs/rmsdaemon/Application/Home/Controller/AssistantController.class.php 第 79 行.
NOTIC: [8] Undefined index: company /Applications/XAMPP/xamppfiles/htdocs/rmsdaemon/Application/Home/Controller/AssistantController.class.php 第 81 行.
NOTIC: [8] Undefined index: ap /Applications/XAMPP/xamppfiles/htdocs/rmsdaemon/Application/Home/Controller/AssistantController.class.php 第 85 行.
NOTIC: [8] Undefined index: orderformid /Applications/XAMPP/xamppfiles/htdocs/rmsdaemon/Application/Home/Controller/AssistantController.class.php 第 89 行.
ERR: 1146:Table 'rms.rms_kforderform' doesn't exist
 [ SQL语句 ] : SHOW COLUMNS FROM `rms_kforderform`
ERR: 1146:Table 'rms.rms_kforderform' doesn't exist
 [ SQL语句 ] : SHOW COLUMNS FROM `rms_kforderform`

[ 2016-03-20T10:34:19+08:00 ]  
INFO: [ app_init ] --START--
INFO: Run Behavior\BuildLiteBehavior [ RunTime:0.000015s ]
INFO: [ app_init ] --END-- [ RunTime:0.000466s ]
NOTIC: [8] Undefined index: REQUEST_METHOD /Applications/XAMPP/xamppfiles/htdocs/rmsdaemon/ThinkPHP/Library/Think/App.class.php 第 31 行.
NOTIC: [8] Undefined index: REQUEST_URI /Applications/XAMPP/xamppfiles/htdocs/rmsdaemon/ThinkPHP/Library/Think/Dispatcher.class.php 第 137 行.
NOTIC: [8] Use of undefined constant _PHP_FILE_ - assumed '_PHP_FILE_' /Applications/XAMPP/xamppfiles/htdocs/rmsdaemon/ThinkPHP/Library/Think/Dispatcher.class.php 第 184 行.
INFO: [ app_begin ] --START--
INFO: Run Behavior\ReadHtmlCacheBehavior [ RunTime:0.000602s ]
INFO: [ app_begin ] --END-- [ RunTime:0.000644s ]
NOTIC: [2] curl_setopt(): You must pass either an object or an array with the CURLOPT_HTTPHEADER argument /Applications/XAMPP/xamppfiles/htdocs/rmsdaemon/Application/Home/Common/function.php 第 35 行.
NOTIC: [8] Undefined index: orderformid /Applications/XAMPP/xamppfiles/htdocs/rmsdaemon/Application/Home/Controller/AssistantController.class.php 第 52 行.
NOTIC: [8] Undefined index: ordersn /Applications/XAMPP/xamppfiles/htdocs/rmsdaemon/Application/Home/Controller/AssistantController.class.php 第 53 行.
NOTIC: [8] Undefined index: address /Applications/XAMPP/xamppfiles/htdocs/rmsdaemon/Application/Home/Controller/AssistantController.class.php 第 55 行.
NOTIC: [8] Undefined index: telphone /Applications/XAMPP/xamppfiles/htdocs/rmsdaemon/Application/Home/Controller/AssistantController.class.php 第 57 行.
NOTIC: [8] Undefined index: custtime /Applications/XAMPP/xamppfiles/htdocs/rmsdaemon/Application/Home/Controller/AssistantController.class.php 第 59 行.
NOTIC: [8] Undefined index: beizhu /Applications/XAMPP/xamppfiles/htdocs/rmsdaemon/Application/Home/Controller/AssistantController.class.php 第 61 行.
NOTIC: [8] Undefined index: invoiceheader /Applications/XAMPP/xamppfiles/htdocs/rmsdaemon/Application/Home/Controller/AssistantController.class.php 第 63 行.
NOTIC: [8] Undefined index: invoicebody /Applications/XAMPP/xamppfiles/htdocs/rmsdaemon/Application/Home/Controller/AssistantController.class.php 第 65 行.
NOTIC: [8] Undefined index: totalmoney /Applications/XAMPP/xamppfiles/htdocs/rmsdaemon/Application/Home/Controller/AssistantController.class.php 第 67 行.
NOTIC: [8] Undefined index: shouldmoney /Applications/XAMPP/xamppfiles/htdocs/rmsdaemon/Application/Home/Controller/AssistantController.class.php 第 69 行.
NOTIC: [8] Undefined index: paidmoney /Applications/XAMPP/xamppfiles/htdocs/rmsdaemon/Application/Home/Controller/AssistantController.class.php 第 71 行.
NOTIC: [8] Undefined index: origian /Applications/XAMPP/xamppfiles/htdocs/rmsdaemon/Application/Home/Controller/AssistantController.class.php 第 73 行.
NOTIC: [8] Undefined index: latitude /Applications/XAMPP/xamppfiles/htdocs/rmsdaemon/Application/Home/Controller/AssistantController.class.php 第 77 行.
NOTIC: [8] Undefined index: longitude /Applications/XAMPP/xamppfiles/htdocs/rmsdaemon/Application/Home/Controller/AssistantController.class.php 第 79 行.
NOTIC: [8] Undefined index: company /Applications/XAMPP/xamppfiles/htdocs/rmsdaemon/Application/Home/Controller/AssistantController.class.php 第 81 行.
NOTIC: [8] Undefined index: ap /Applications/XAMPP/xamppfiles/htdocs/rmsdaemon/Application/Home/Controller/AssistantController.class.php 第 85 行.
NOTIC: [8] Undefined index: orderformid /Applications/XAMPP/xamppfiles/htdocs/rmsdaemon/Application/Home/Controller/AssistantController.class.php 第 89 行.
NOTIC: [8] Undefined index: orderformid /Applications/XAMPP/xamppfiles/htdocs/rmsdaemon/Application/Home/Controller/AssistantController.class.php 第 96 行.
NOTIC: [2] Illegal offset type in isset or empty /Applications/XAMPP/xamppfiles/htdocs/rmsdaemon/ThinkPHP/Library/Think/Model.class.php 第 445 行.
NOTIC: [2] Missing argument 2 for Home\Controller\AssistantController::saveOrderGoods(), called in /Applications/XAMPP/xamppfiles/htdocs/rmsdaemon/Application/Home/Controller/AssistantController.class.php on line 36 and defined /Applications/XAMPP/xamppfiles/htdocs/rmsdaemon/Application/Home/Controller/AssistantController.class.php 第 106 行.
NOTIC: [8] Undefined index: orderproductsid /Applications/XAMPP/xamppfiles/htdocs/rmsdaemon/Application/Home/Controller/AssistantController.class.php 第 108 行.
NOTIC: [2] Invalid argument supplied for foreach() /Applications/XAMPP/xamppfiles/htdocs/rmsdaemon/Application/Home/Controller/AssistantController.class.php 第 115 行.
NOTIC: [2] curl_setopt(): You must pass either an object or an array with the CURLOPT_HTTPHEADER argument /Applications/XAMPP/xamppfiles/htdocs/rmsdaemon/Application/Home/Common/function.php 第 35 行.
NOTIC: [8] Undefined index: orderformid /Applications/XAMPP/xamppfiles/htdocs/rmsdaemon/Application/Home/Controller/AssistantController.class.php 第 52 行.
NOTIC: [8] Undefined index: ordersn /Applications/XAMPP/xamppfiles/htdocs/rmsdaemon/Application/Home/Controller/AssistantController.class.php 第 53 行.
NOTIC: [8] Undefined index: address /Applications/XAMPP/xamppfiles/htdocs/rmsdaemon/Application/Home/Controller/AssistantController.class.php 第 55 行.
NOTIC: [8] Undefined index: telphone /Applications/XAMPP/xamppfiles/htdocs/rmsdaemon/Application/Home/Controller/AssistantController.class.php 第 57 行.
NOTIC: [8] Undefined index: custtime /Applications/XAMPP/xamppfiles/htdocs/rmsdaemon/Application/Home/Controller/AssistantController.class.php 第 59 行.
NOTIC: [8] Undefined index: beizhu /Applications/XAMPP/xamppfiles/htdocs/rmsdaemon/Application/Home/Controller/AssistantController.class.php 第 61 行.
NOTIC: [8] Undefined index: invoiceheader /Applications/XAMPP/xamppfiles/htdocs/rmsdaemon/Application/Home/Controller/AssistantController.class.php 第 63 行.
NOTIC: [8] Undefined index: invoicebody /Applications/XAMPP/xamppfiles/htdocs/rmsdaemon/Application/Home/Controller/AssistantController.class.php 第 65 行.
NOTIC: [8] Undefined index: totalmoney /Applications/XAMPP/xamppfiles/htdocs/rmsdaemon/Application/Home/Controller/AssistantController.class.php 第 67 行.
NOTIC: [8] Undefined index: shouldmoney /Applications/XAMPP/xamppfiles/htdocs/rmsdaemon/Application/Home/Controller/AssistantController.class.php 第 69 行.
NOTIC: [8] Undefined index: paidmoney /Applications/XAMPP/xamppfiles/htdocs/rmsdaemon/Application/Home/Controller/AssistantController.class.php 第 71 行.
NOTIC: [8] Undefined index: origian /Applications/XAMPP/xamppfiles/htdocs/rmsdaemon/Application/Home/Controller/AssistantController.class.php 第 73 行.
NOTIC: [8] Undefined index: latitude /Applications/XAMPP/xamppfiles/htdocs/rmsdaemon/Application/Home/Controller/AssistantController.class.php 第 77 行.
NOTIC: [8] Undefined index: longitude /Applications/XAMPP/xamppfiles/htdocs/rmsdaemon/Application/Home/Controller/AssistantController.class.php 第 79 行.
NOTIC: [8] Undefined index: company /Applications/XAMPP/xamppfiles/htdocs/rmsdaemon/Application/Home/Controller/AssistantController.class.php 第 81 行.
NOTIC: [8] Undefined index: ap /Applications/XAMPP/xamppfiles/htdocs/rmsdaemon/Application/Home/Controller/AssistantController.class.php 第 85 行.
NOTIC: [8] Undefined index: orderformid /Applications/XAMPP/xamppfiles/htdocs/rmsdaemon/Application/Home/Controller/AssistantController.class.php 第 89 行.
NOTIC: [8] Undefined index: orderformid /Applications/XAMPP/xamppfiles/htdocs/rmsdaemon/Application/Home/Controller/AssistantController.class.php 第 96 行.
NOTIC: [2] Illegal offset type in isset or empty /Applications/XAMPP/xamppfiles/htdocs/rmsdaemon/ThinkPHP/Library/Think/Model.class.php 第 445 行.
NOTIC: [2] Missing argument 2 for Home\Controller\AssistantController::saveOrderGoods(), called in /Applications/XAMPP/xamppfiles/htdocs/rmsdaemon/Application/Home/Controller/AssistantController.class.php on line 36 and defined /Applications/XAMPP/xamppfiles/htdocs/rmsdaemon/Application/Home/Controller/AssistantController.class.php 第 106 行.
NOTIC: [8] Undefined index: orderproductsid /Applications/XAMPP/xamppfiles/htdocs/rmsdaemon/Application/Home/Controller/AssistantController.class.php 第 108 行.
NOTIC: [2] Invalid argument supplied for foreach() /Applications/XAMPP/xamppfiles/htdocs/rmsdaemon/Application/Home/Controller/AssistantController.class.php 第 115 行.
NOTIC: [2] curl_setopt(): You must pass either an object or an array with the CURLOPT_HTTPHEADER argument /Applications/XAMPP/xamppfiles/htdocs/rmsdaemon/Application/Home/Common/function.php 第 35 行.
NOTIC: [8] Undefined index: orderformid /Applications/XAMPP/xamppfiles/htdocs/rmsdaemon/Application/Home/Controller/AssistantController.class.php 第 52 行.
NOTIC: [8] Undefined index: ordersn /Applications/XAMPP/xamppfiles/htdocs/rmsdaemon/Application/Home/Controller/AssistantController.class.php 第 53 行.
NOTIC: [8] Undefined index: address /Applications/XAMPP/xamppfiles/htdocs/rmsdaemon/Application/Home/Controller/AssistantController.class.php 第 55 行.
NOTIC: [8] Undefined index: telphone /Applications/XAMPP/xamppfiles/htdocs/rmsdaemon/Application/Home/Controller/AssistantController.class.php 第 57 行.
NOTIC: [8] Undefined index: custtime /Applications/XAMPP/xamppfiles/htdocs/rmsdaemon/Application/Home/Controller/AssistantController.class.php 第 59 行.
NOTIC: [8] Undefined index: beizhu /Applications/XAMPP/xamppfiles/htdocs/rmsdaemon/Application/Home/Controller/AssistantController.class.php 第 61 行.
NOTIC: [8] Undefined index: invoiceheader /Applications/XAMPP/xamppfiles/htdocs/rmsdaemon/Application/Home/Controller/AssistantController.class.php 第 63 行.
NOTIC: [8] Undefined index: invoicebody /Applications/XAMPP/xamppfiles/htdocs/rmsdaemon/Application/Home/Controller/AssistantController.class.php 第 65 行.
NOTIC: [8] Undefined index: totalmoney /Applications/XAMPP/xamppfiles/htdocs/rmsdaemon/Application/Home/Controller/AssistantController.class.php 第 67 行.
NOTIC: [8] Undefined index: shouldmoney /Applications/XAMPP/xamppfiles/htdocs/rmsdaemon/Application/Home/Controller/AssistantController.class.php 第 69 行.
NOTIC: [8] Undefined index: paidmoney /Applications/XAMPP/xamppfiles/htdocs/rmsdaemon/Application/Home/Controller/AssistantController.class.php 第 71 行.
NOTIC: [8] Undefined index: origian /Applications/XAMPP/xamppfiles/htdocs/rmsdaemon/Application/Home/Controller/AssistantController.class.php 第 73 行.
NOTIC: [8] Undefined index: latitude /Applications/XAMPP/xamppfiles/htdocs/rmsdaemon/Application/Home/Controller/AssistantController.class.php 第 77 行.
NOTIC: [8] Undefined index: longitude /Applications/XAMPP/xamppfiles/htdocs/rmsdaemon/Application/Home/Controller/AssistantController.class.php 第 79 行.
NOTIC: [8] Undefined index: company /Applications/XAMPP/xamppfiles/htdocs/rmsdaemon/Application/Home/Controller/AssistantController.class.php 第 81 行.
NOTIC: [8] Undefined index: ap /Applications/XAMPP/xamppfiles/htdocs/rmsdaemon/Application/Home/Controller/AssistantController.class.php 第 85 行.
NOTIC: [8] Undefined index: orderformid /Applications/XAMPP/xamppfiles/htdocs/rmsdaemon/Application/Home/Controller/AssistantController.class.php 第 89 行.
NOTIC: [8] Undefined index: orderformid /Applications/XAMPP/xamppfiles/htdocs/rmsdaemon/Application/Home/Controller/AssistantController.class.php 第 96 行.
NOTIC: [2] Illegal offset type in isset or empty /Applications/XAMPP/xamppfiles/htdocs/rmsdaemon/ThinkPHP/Library/Think/Model.class.php 第 445 行.
NOTIC: [2] Missing argument 2 for Home\Controller\AssistantController::saveOrderGoods(), called in /Applications/XAMPP/xamppfiles/htdocs/rmsdaemon/Application/Home/Controller/AssistantController.class.php on line 36 and defined /Applications/XAMPP/xamppfiles/htdocs/rmsdaemon/Application/Home/Controller/AssistantController.class.php 第 106 行.
NOTIC: [8] Undefined index: orderproductsid /Applications/XAMPP/xamppfiles/htdocs/rmsdaemon/Application/Home/Controller/AssistantController.class.php 第 108 行.
NOTIC: [2] Invalid argument supplied for foreach() /Applications/XAMPP/xamppfiles/htdocs/rmsdaemon/Application/Home/Controller/AssistantController.class.php 第 115 行.
NOTIC: [2] curl_setopt(): You must pass either an object or an array with the CURLOPT_HTTPHEADER argument /Applications/XAMPP/xamppfiles/htdocs/rmsdaemon/Application/Home/Common/function.php 第 35 行.
NOTIC: [8] Undefined index: orderformid /Applications/XAMPP/xamppfiles/htdocs/rmsdaemon/Application/Home/Controller/AssistantController.class.php 第 52 行.
NOTIC: [8] Undefined index: ordersn /Applications/XAMPP/xamppfiles/htdocs/rmsdaemon/Application/Home/Controller/AssistantController.class.php 第 53 行.
NOTIC: [8] Undefined index: address /Applications/XAMPP/xamppfiles/htdocs/rmsdaemon/Application/Home/Controller/AssistantController.class.php 第 55 行.
NOTIC: [8] Undefined index: telphone /Applications/XAMPP/xamppfiles/htdocs/rmsdaemon/Application/Home/Controller/AssistantController.class.php 第 57 行.
NOTIC: [8] Undefined index: custtime /Applications/XAMPP/xamppfiles/htdocs/rmsdaemon/Application/Home/Controller/AssistantController.class.php 第 59 行.
NOTIC: [8] Undefined index: beizhu /Applications/XAMPP/xamppfiles/htdocs/rmsdaemon/Application/Home/Controller/AssistantController.class.php 第 61 行.
NOTIC: [8] Undefined index: invoiceheader /Applications/XAMPP/xamppfiles/htdocs/rmsdaemon/Application/Home/Controller/AssistantController.class.php 第 63 行.
NOTIC: [8] Undefined index: invoicebody /Applications/XAMPP/xamppfiles/htdocs/rmsdaemon/Application/Home/Controller/AssistantController.class.php 第 65 行.
NOTIC: [8] Undefined index: totalmoney /Applications/XAMPP/xamppfiles/htdocs/rmsdaemon/Application/Home/Controller/AssistantController.class.php 第 67 行.
NOTIC: [8] Undefined index: shouldmoney /Applications/XAMPP/xamppfiles/htdocs/rmsdaemon/Application/Home/Controller/AssistantController.class.php 第 69 行.
NOTIC: [8] Undefined index: paidmoney /Applications/XAMPP/xamppfiles/htdocs/rmsdaemon/Application/Home/Controller/AssistantController.class.php 第 71 行.
NOTIC: [8] Undefined index: origian /Applications/XAMPP/xamppfiles/htdocs/rmsdaemon/Application/Home/Controller/AssistantController.class.php 第 73 行.
NOTIC: [8] Undefined index: latitude /Applications/XAMPP/xamppfiles/htdocs/rmsdaemon/Application/Home/Controller/AssistantController.class.php 第 77 行.
NOTIC: [8] Undefined index: longitude /Applications/XAMPP/xamppfiles/htdocs/rmsdaemon/Application/Home/Controller/AssistantController.class.php 第 79 行.
NOTIC: [8] Undefined index: company /Applications/XAMPP/xamppfiles/htdocs/rmsdaemon/Application/Home/Controller/AssistantController.class.php 第 81 行.
NOTIC: [8] Undefined index: ap /Applications/XAMPP/xamppfiles/htdocs/rmsdaemon/Application/Home/Controller/AssistantController.class.php 第 85 行.
NOTIC: [8] Undefined index: orderformid /Applications/XAMPP/xamppfiles/htdocs/rmsdaemon/Application/Home/Controller/AssistantController.class.php 第 89 行.
NOTIC: [8] Undefined index: orderformid /Applications/XAMPP/xamppfiles/htdocs/rmsdaemon/Application/Home/Controller/AssistantController.class.php 第 96 行.
NOTIC: [2] Illegal offset type in isset or empty /Applications/XAMPP/xamppfiles/htdocs/rmsdaemon/ThinkPHP/Library/Think/Model.class.php 第 445 行.
NOTIC: [2] Missing argument 2 for Home\Controller\AssistantController::saveOrderGoods(), called in /Applications/XAMPP/xamppfiles/htdocs/rmsdaemon/Application/Home/Controller/AssistantController.class.php on line 36 and defined /Applications/XAMPP/xamppfiles/htdocs/rmsdaemon/Application/Home/Controller/AssistantController.class.php 第 106 行.
NOTIC: [8] Undefined index: orderproductsid /Applications/XAMPP/xamppfiles/htdocs/rmsdaemon/Application/Home/Controller/AssistantController.class.php 第 108 行.
NOTIC: [2] Invalid argument supplied for foreach() /Applications/XAMPP/xamppfiles/htdocs/rmsdaemon/Application/Home/Controller/AssistantController.class.php 第 115 行.
NOTIC: [2] curl_setopt(): You must pass either an object or an array with the CURLOPT_HTTPHEADER argument /Applications/XAMPP/xamppfiles/htdocs/rmsdaemon/Application/Home/Common/function.php 第 35 行.
NOTIC: [8] Undefined index: orderformid /Applications/XAMPP/xamppfiles/htdocs/rmsdaemon/Application/Home/Controller/AssistantController.class.php 第 52 行.
NOTIC: [8] Undefined index: ordersn /Applications/XAMPP/xamppfiles/htdocs/rmsdaemon/Application/Home/Controller/AssistantController.class.php 第 53 行.
NOTIC: [8] Undefined index: address /Applications/XAMPP/xamppfiles/htdocs/rmsdaemon/Application/Home/Controller/AssistantController.class.php 第 55 行.
NOTIC: [8] Undefined index: telphone /Applications/XAMPP/xamppfiles/htdocs/rmsdaemon/Application/Home/Controller/AssistantController.class.php 第 57 行.
NOTIC: [8] Undefined index: custtime /Applications/XAMPP/xamppfiles/htdocs/rmsdaemon/Application/Home/Controller/AssistantController.class.php 第 59 行.
NOTIC: [8] Undefined index: beizhu /Applications/XAMPP/xamppfiles/htdocs/rmsdaemon/Application/Home/Controller/AssistantController.class.php 第 61 行.
NOTIC: [8] Undefined index: invoiceheader /Applications/XAMPP/xamppfiles/htdocs/rmsdaemon/Application/Home/Controller/AssistantController.class.php 第 63 行.
NOTIC: [8] Undefined index: invoicebody /Applications/XAMPP/xamppfiles/htdocs/rmsdaemon/Application/Home/Controller/AssistantController.class.php 第 65 行.
NOTIC: [8] Undefined index: totalmoney /Applications/XAMPP/xamppfiles/htdocs/rmsdaemon/Application/Home/Controller/AssistantController.class.php 第 67 行.
NOTIC: [8] Undefined index: shouldmoney /Applications/XAMPP/xamppfiles/htdocs/rmsdaemon/Application/Home/Controller/AssistantController.class.php 第 69 行.
NOTIC: [8] Undefined index: paidmoney /Applications/XAMPP/xamppfiles/htdocs/rmsdaemon/Application/Home/Controller/AssistantController.class.php 第 71 行.
NOTIC: [8] Undefined index: origian /Applications/XAMPP/xamppfiles/htdocs/rmsdaemon/Application/Home/Controller/AssistantController.class.php 第 73 行.
NOTIC: [8] Undefined index: latitude /Applications/XAMPP/xamppfiles/htdocs/rmsdaemon/Application/Home/Controller/AssistantController.class.php 第 77 行.
NOTIC: [8] Undefined index: longitude /Applications/XAMPP/xamppfiles/htdocs/rmsdaemon/Application/Home/Controller/AssistantController.class.php 第 79 行.
NOTIC: [8] Undefined index: company /Applications/XAMPP/xamppfiles/htdocs/rmsdaemon/Application/Home/Controller/AssistantController.class.php 第 81 行.
NOTIC: [8] Undefined index: ap /Applications/XAMPP/xamppfiles/htdocs/rmsdaemon/Application/Home/Controller/AssistantController.class.php 第 85 行.
NOTIC: [8] Undefined index: orderformid /Applications/XAMPP/xamppfiles/htdocs/rmsdaemon/Application/Home/Controller/AssistantController.class.php 第 89 行.
NOTIC: [8] Undefined index: orderformid /Applications/XAMPP/xamppfiles/htdocs/rmsdaemon/Application/Home/Controller/AssistantController.class.php 第 96 行.
NOTIC: [2] Illegal offset type in isset or empty /Applications/XAMPP/xamppfiles/htdocs/rmsdaemon/ThinkPHP/Library/Think/Model.class.php 第 445 行.
NOTIC: [2] Missing argument 2 for Home\Controller\AssistantController::saveOrderGoods(), called in /Applications/XAMPP/xamppfiles/htdocs/rmsdaemon/Application/Home/Controller/AssistantController.class.php on line 36 and defined /Applications/XAMPP/xamppfiles/htdocs/rmsdaemon/Application/Home/Controller/AssistantController.class.php 第 106 行.
NOTIC: [8] Undefined index: orderproductsid /Applications/XAMPP/xamppfiles/htdocs/rmsdaemon/Application/Home/Controller/AssistantController.class.php 第 108 行.
NOTIC: [2] Invalid argument supplied for foreach() /Applications/XAMPP/xamppfiles/htdocs/rmsdaemon/Application/Home/Controller/AssistantController.class.php 第 115 行.
NOTIC: [2] curl_setopt(): You must pass either an object or an array with the CURLOPT_HTTPHEADER argument /Applications/XAMPP/xamppfiles/htdocs/rmsdaemon/Application/Home/Common/function.php 第 35 行.
NOTIC: [8] Undefined index: orderformid /Applications/XAMPP/xamppfiles/htdocs/rmsdaemon/Application/Home/Controller/AssistantController.class.php 第 52 行.
NOTIC: [8] Undefined index: ordersn /Applications/XAMPP/xamppfiles/htdocs/rmsdaemon/Application/Home/Controller/AssistantController.class.php 第 53 行.
NOTIC: [8] Undefined index: address /Applications/XAMPP/xamppfiles/htdocs/rmsdaemon/Application/Home/Controller/AssistantController.class.php 第 55 行.
NOTIC: [8] Undefined index: telphone /Applications/XAMPP/xamppfiles/htdocs/rmsdaemon/Application/Home/Controller/AssistantController.class.php 第 57 行.
NOTIC: [8] Undefined index: custtime /Applications/XAMPP/xamppfiles/htdocs/rmsdaemon/Application/Home/Controller/AssistantController.class.php 第 59 行.
NOTIC: [8] Undefined index: beizhu /Applications/XAMPP/xamppfiles/htdocs/rmsdaemon/Application/Home/Controller/AssistantController.class.php 第 61 行.
NOTIC: [8] Undefined index: invoiceheader /Applications/XAMPP/xamppfiles/htdocs/rmsdaemon/Application/Home/Controller/AssistantController.class.php 第 63 行.
NOTIC: [8] Undefined index: invoicebody /Applications/XAMPP/xamppfiles/htdocs/rmsdaemon/Application/Home/Controller/AssistantController.class.php 第 65 行.
NOTIC: [8] Undefined index: totalmoney /Applications/XAMPP/xamppfiles/htdocs/rmsdaemon/Application/Home/Controller/AssistantController.class.php 第 67 行.
NOTIC: [8] Undefined index: shouldmoney /Applications/XAMPP/xamppfiles/htdocs/rmsdaemon/Application/Home/Controller/AssistantController.class.php 第 69 行.
NOTIC: [8] Undefined index: paidmoney /Applications/XAMPP/xamppfiles/htdocs/rmsdaemon/Application/Home/Controller/AssistantController.class.php 第 71 行.
NOTIC: [8] Undefined index: origian /Applications/XAMPP/xamppfiles/htdocs/rmsdaemon/Application/Home/Controller/AssistantController.class.php 第 73 行.
NOTIC: [8] Undefined index: latitude /Applications/XAMPP/xamppfiles/htdocs/rmsdaemon/Application/Home/Controller/AssistantController.class.php 第 77 行.
NOTIC: [8] Undefined index: longitude /Applications/XAMPP/xamppfiles/htdocs/rmsdaemon/Application/Home/Controller/AssistantController.class.php 第 79 行.
NOTIC: [8] Undefined index: company /Applications/XAMPP/xamppfiles/htdocs/rmsdaemon/Application/Home/Controller/AssistantController.class.php 第 81 行.
NOTIC: [8] Undefined index: ap /Applications/XAMPP/xamppfiles/htdocs/rmsdaemon/Application/Home/Controller/AssistantController.class.php 第 85 行.
NOTIC: [8] Undefined index: orderformid /Applications/XAMPP/xamppfiles/htdocs/rmsdaemon/Application/Home/Controller/AssistantController.class.php 第 89 行.
NOTIC: [8] Undefined index: orderformid /Applications/XAMPP/xamppfiles/htdocs/rmsdaemon/Application/Home/Controller/AssistantController.class.php 第 96 行.
NOTIC: [2] Illegal offset type in isset or empty /Applications/XAMPP/xamppfiles/htdocs/rmsdaemon/ThinkPHP/Library/Think/Model.class.php 第 445 行.
NOTIC: [2] Missing argument 2 for Home\Controller\AssistantController::saveOrderGoods(), called in /Applications/XAMPP/xamppfiles/htdocs/rmsdaemon/Application/Home/Controller/AssistantController.class.php on line 36 and defined /Applications/XAMPP/xamppfiles/htdocs/rmsdaemon/Application/Home/Controller/AssistantController.class.php 第 106 行.
NOTIC: [8] Undefined index: orderproductsid /Applications/XAMPP/xamppfiles/htdocs/rmsdaemon/Application/Home/Controller/AssistantController.class.php 第 108 行.
NOTIC: [2] Invalid argument supplied for foreach() /Applications/XAMPP/xamppfiles/htdocs/rmsdaemon/Application/Home/Controller/AssistantController.class.php 第 115 行.
NOTIC: [2] curl_setopt(): You must pass either an object or an array with the CURLOPT_HTTPHEADER argument /Applications/XAMPP/xamppfiles/htdocs/rmsdaemon/Application/Home/Common/function.php 第 35 行.
NOTIC: [8] Undefined index: orderformid /Applications/XAMPP/xamppfiles/htdocs/rmsdaemon/Application/Home/Controller/AssistantController.class.php 第 52 行.
NOTIC: [8] Undefined index: ordersn /Applications/XAMPP/xamppfiles/htdocs/rmsdaemon/Application/Home/Controller/AssistantController.class.php 第 53 行.
NOTIC: [8] Undefined index: address /Applications/XAMPP/xamppfiles/htdocs/rmsdaemon/Application/Home/Controller/AssistantController.class.php 第 55 行.
NOTIC: [8] Undefined index: telphone /Applications/XAMPP/xamppfiles/htdocs/rmsdaemon/Application/Home/Controller/AssistantController.class.php 第 57 行.
NOTIC: [8] Undefined index: custtime /Applications/XAMPP/xamppfiles/htdocs/rmsdaemon/Application/Home/Controller/AssistantController.class.php 第 59 行.
NOTIC: [8] Undefined index: beizhu /Applications/XAMPP/xamppfiles/htdocs/rmsdaemon/Application/Home/Controller/AssistantController.class.php 第 61 行.
NOTIC: [8] Undefined index: invoiceheader /Applications/XAMPP/xamppfiles/htdocs/rmsdaemon/Application/Home/Controller/AssistantController.class.php 第 63 行.
NOTIC: [8] Undefined index: invoicebody /Applications/XAMPP/xamppfiles/htdocs/rmsdaemon/Application/Home/Controller/AssistantController.class.php 第 65 行.
NOTIC: [8] Undefined index: totalmoney /Applications/XAMPP/xamppfiles/htdocs/rmsdaemon/Application/Home/Controller/AssistantController.class.php 第 67 行.
NOTIC: [8] Undefined index: shouldmoney /Applications/XAMPP/xamppfiles/htdocs/rmsdaemon/Application/Home/Controller/AssistantController.class.php 第 69 行.
NOTIC: [8] Undefined index: paidmoney /Applications/XAMPP/xamppfiles/htdocs/rmsdaemon/Application/Home/Controller/AssistantController.class.php 第 71 行.
NOTIC: [8] Undefined index: origian /Applications/XAMPP/xamppfiles/htdocs/rmsdaemon/Application/Home/Controller/AssistantController.class.php 第 73 行.
NOTIC: [8] Undefined index: latitude /Applications/XAMPP/xamppfiles/htdocs/rmsdaemon/Application/Home/Controller/AssistantController.class.php 第 77 行.
NOTIC: [8] Undefined index: longitude /Applications/XAMPP/xamppfiles/htdocs/rmsdaemon/Application/Home/Controller/AssistantController.class.php 第 79 行.
NOTIC: [8] Undefined index: company /Applications/XAMPP/xamppfiles/htdocs/rmsdaemon/Application/Home/Controller/AssistantController.class.php 第 81 行.
NOTIC: [8] Undefined index: ap /Applications/XAMPP/xamppfiles/htdocs/rmsdaemon/Application/Home/Controller/AssistantController.class.php 第 85 行.
NOTIC: [8] Undefined index: orderformid /Applications/XAMPP/xamppfiles/htdocs/rmsdaemon/Application/Home/Controller/AssistantController.class.php 第 89 行.
NOTIC: [8] Undefined index: orderformid /Applications/XAMPP/xamppfiles/htdocs/rmsdaemon/Application/Home/Controller/AssistantController.class.php 第 96 行.
NOTIC: [2] Illegal offset type in isset or empty /Applications/XAMPP/xamppfiles/htdocs/rmsdaemon/ThinkPHP/Library/Think/Model.class.php 第 445 行.
NOTIC: [2] Missing argument 2 for Home\Controller\AssistantController::saveOrderGoods(), called in /Applications/XAMPP/xamppfiles/htdocs/rmsdaemon/Application/Home/Controller/AssistantController.class.php on line 36 and defined /Applications/XAMPP/xamppfiles/htdocs/rmsdaemon/Application/Home/Controller/AssistantController.class.php 第 106 行.
NOTIC: [8] Undefined index: orderproductsid /Applications/XAMPP/xamppfiles/htdocs/rmsdaemon/Application/Home/Controller/AssistantController.class.php 第 108 行.
NOTIC: [2] Invalid argument supplied for foreach() /Applications/XAMPP/xamppfiles/htdocs/rmsdaemon/Application/Home/Controller/AssistantController.class.php 第 115 行.
NOTIC: [2] curl_setopt(): You must pass either an object or an array with the CURLOPT_HTTPHEADER argument /Applications/XAMPP/xamppfiles/htdocs/rmsdaemon/Application/Home/Common/function.php 第 35 行.
NOTIC: [8] Undefined index: orderformid /Applications/XAMPP/xamppfiles/htdocs/rmsdaemon/Application/Home/Controller/AssistantController.class.php 第 52 行.
NOTIC: [8] Undefined index: ordersn /Applications/XAMPP/xamppfiles/htdocs/rmsdaemon/Application/Home/Controller/AssistantController.class.php 第 53 行.
NOTIC: [8] Undefined index: address /Applications/XAMPP/xamppfiles/htdocs/rmsdaemon/Application/Home/Controller/AssistantController.class.php 第 55 行.
NOTIC: [8] Undefined index: telphone /Applications/XAMPP/xamppfiles/htdocs/rmsdaemon/Application/Home/Controller/AssistantController.class.php 第 57 行.
NOTIC: [8] Undefined index: custtime /Applications/XAMPP/xamppfiles/htdocs/rmsdaemon/Application/Home/Controller/AssistantController.class.php 第 59 行.
NOTIC: [8] Undefined index: beizhu /Applications/XAMPP/xamppfiles/htdocs/rmsdaemon/Application/Home/Controller/AssistantController.class.php 第 61 行.
NOTIC: [8] Undefined index: invoiceheader /Applications/XAMPP/xamppfiles/htdocs/rmsdaemon/Application/Home/Controller/AssistantController.class.php 第 63 行.
NOTIC: [8] Undefined index: invoicebody /Applications/XAMPP/xamppfiles/htdocs/rmsdaemon/Application/Home/Controller/AssistantController.class.php 第 65 行.
NOTIC: [8] Undefined index: totalmoney /Applications/XAMPP/xamppfiles/htdocs/rmsdaemon/Application/Home/Controller/AssistantController.class.php 第 67 行.
NOTIC: [8] Undefined index: shouldmoney /Applications/XAMPP/xamppfiles/htdocs/rmsdaemon/Application/Home/Controller/AssistantController.class.php 第 69 行.
NOTIC: [8] Undefined index: paidmoney /Applications/XAMPP/xamppfiles/htdocs/rmsdaemon/Application/Home/Controller/AssistantController.class.php 第 71 行.
NOTIC: [8] Undefined index: origian /Applications/XAMPP/xamppfiles/htdocs/rmsdaemon/Application/Home/Controller/AssistantController.class.php 第 73 行.
NOTIC: [8] Undefined index: latitude /Applications/XAMPP/xamppfiles/htdocs/rmsdaemon/Application/Home/Controller/AssistantController.class.php 第 77 行.
NOTIC: [8] Undefined index: longitude /Applications/XAMPP/xamppfiles/htdocs/rmsdaemon/Application/Home/Controller/AssistantController.class.php 第 79 行.
NOTIC: [8] Undefined index: company /Applications/XAMPP/xamppfiles/htdocs/rmsdaemon/Application/Home/Controller/AssistantController.class.php 第 81 行.
NOTIC: [8] Undefined index: ap /Applications/XAMPP/xamppfiles/htdocs/rmsdaemon/Application/Home/Controller/AssistantController.class.php 第 85 行.
NOTIC: [8] Undefined index: orderformid /Applications/XAMPP/xamppfiles/htdocs/rmsdaemon/Application/Home/Controller/AssistantController.class.php 第 89 行.
NOTIC: [8] Undefined index: orderformid /Applications/XAMPP/xamppfiles/htdocs/rmsdaemon/Application/Home/Controller/AssistantController.class.php 第 96 行.
NOTIC: [2] Illegal offset type in isset or empty /Applications/XAMPP/xamppfiles/htdocs/rmsdaemon/ThinkPHP/Library/Think/Model.class.php 第 445 行.
NOTIC: [2] Missing argument 2 for Home\Controller\AssistantController::saveOrderGoods(), called in /Applications/XAMPP/xamppfiles/htdocs/rmsdaemon/Application/Home/Controller/AssistantController.class.php on line 36 and defined /Applications/XAMPP/xamppfiles/htdocs/rmsdaemon/Application/Home/Controller/AssistantController.class.php 第 106 行.
NOTIC: [8] Undefined index: orderproductsid /Applications/XAMPP/xamppfiles/htdocs/rmsdaemon/Application/Home/Controller/AssistantController.class.php 第 108 行.
NOTIC: [2] Invalid argument supplied for foreach() /Applications/XAMPP/xamppfiles/htdocs/rmsdaemon/Application/Home/Controller/AssistantController.class.php 第 115 行.
NOTIC: [2] curl_setopt(): You must pass either an object or an array with the CURLOPT_HTTPHEADER argument /Applications/XAMPP/xamppfiles/htdocs/rmsdaemon/Application/Home/Common/function.php 第 35 行.
NOTIC: [8] Undefined index: orderformid /Applications/XAMPP/xamppfiles/htdocs/rmsdaemon/Application/Home/Controller/AssistantController.class.php 第 52 行.
NOTIC: [8] Undefined index: ordersn /Applications/XAMPP/xamppfiles/htdocs/rmsdaemon/Application/Home/Controller/AssistantController.class.php 第 53 行.
NOTIC: [8] Undefined index: address /Applications/XAMPP/xamppfiles/htdocs/rmsdaemon/Application/Home/Controller/AssistantController.class.php 第 55 行.
NOTIC: [8] Undefined index: telphone /Applications/XAMPP/xamppfiles/htdocs/rmsdaemon/Application/Home/Controller/AssistantController.class.php 第 57 行.
NOTIC: [8] Undefined index: custtime /Applications/XAMPP/xamppfiles/htdocs/rmsdaemon/Application/Home/Controller/AssistantController.class.php 第 59 行.
NOTIC: [8] Undefined index: beizhu /Applications/XAMPP/xamppfiles/htdocs/rmsdaemon/Application/Home/Controller/AssistantController.class.php 第 61 行.
NOTIC: [8] Undefined index: invoiceheader /Applications/XAMPP/xamppfiles/htdocs/rmsdaemon/Application/Home/Controller/AssistantController.class.php 第 63 行.
NOTIC: [8] Undefined index: invoicebody /Applications/XAMPP/xamppfiles/htdocs/rmsdaemon/Application/Home/Controller/AssistantController.class.php 第 65 行.
NOTIC: [8] Undefined index: totalmoney /Applications/XAMPP/xamppfiles/htdocs/rmsdaemon/Application/Home/Controller/AssistantController.class.php 第 67 行.
NOTIC: [8] Undefined index: shouldmoney /Applications/XAMPP/xamppfiles/htdocs/rmsdaemon/Application/Home/Controller/AssistantController.class.php 第 69 行.
NOTIC: [8] Undefined index: paidmoney /Applications/XAMPP/xamppfiles/htdocs/rmsdaemon/Application/Home/Controller/AssistantController.class.php 第 71 行.
NOTIC: [8] Undefined index: origian /Applications/XAMPP/xamppfiles/htdocs/rmsdaemon/Application/Home/Controller/AssistantController.class.php 第 73 行.
NOTIC: [8] Undefined index: latitude /Applications/XAMPP/xamppfiles/htdocs/rmsdaemon/Application/Home/Controller/AssistantController.class.php 第 77 行.
NOTIC: [8] Undefined index: longitude /Applications/XAMPP/xamppfiles/htdocs/rmsdaemon/Application/Home/Controller/AssistantController.class.php 第 79 行.
NOTIC: [8] Undefined index: company /Applications/XAMPP/xamppfiles/htdocs/rmsdaemon/Application/Home/Controller/AssistantController.class.php 第 81 行.
NOTIC: [8] Undefined index: ap /Applications/XAMPP/xamppfiles/htdocs/rmsdaemon/Application/Home/Controller/AssistantController.class.php 第 85 行.
NOTIC: [8] Undefined index: orderformid /Applications/XAMPP/xamppfiles/htdocs/rmsdaemon/Application/Home/Controller/AssistantController.class.php 第 89 行.
NOTIC: [8] Undefined index: orderformid /Applications/XAMPP/xamppfiles/htdocs/rmsdaemon/Application/Home/Controller/AssistantController.class.php 第 96 行.
NOTIC: [2] Illegal offset type in isset or empty /Applications/XAMPP/xamppfiles/htdocs/rmsdaemon/ThinkPHP/Library/Think/Model.class.php 第 445 行.
NOTIC: [2] Missing argument 2 for Home\Controller\AssistantController::saveOrderGoods(), called in /Applications/XAMPP/xamppfiles/htdocs/rmsdaemon/Application/Home/Controller/AssistantController.class.php on line 36 and defined /Applications/XAMPP/xamppfiles/htdocs/rmsdaemon/Application/Home/Controller/AssistantController.class.php 第 106 行.
NOTIC: [8] Undefined index: orderproductsid /Applications/XAMPP/xamppfiles/htdocs/rmsdaemon/Application/Home/Controller/AssistantController.class.php 第 108 行.
NOTIC: [2] Invalid argument supplied for foreach() /Applications/XAMPP/xamppfiles/htdocs/rmsdaemon/Application/Home/Controller/AssistantController.class.php 第 115 行.
NOTIC: [2] curl_setopt(): You must pass either an object or an array with the CURLOPT_HTTPHEADER argument /Applications/XAMPP/xamppfiles/htdocs/rmsdaemon/Application/Home/Common/function.php 第 35 行.
NOTIC: [8] Undefined index: orderformid /Applications/XAMPP/xamppfiles/htdocs/rmsdaemon/Application/Home/Controller/AssistantController.class.php 第 52 行.
NOTIC: [8] Undefined index: ordersn /Applications/XAMPP/xamppfiles/htdocs/rmsdaemon/Application/Home/Controller/AssistantController.class.php 第 53 行.
NOTIC: [8] Undefined index: address /Applications/XAMPP/xamppfiles/htdocs/rmsdaemon/Application/Home/Controller/AssistantController.class.php 第 55 行.
NOTIC: [8] Undefined index: telphone /Applications/XAMPP/xamppfiles/htdocs/rmsdaemon/Application/Home/Controller/AssistantController.class.php 第 57 行.
NOTIC: [8] Undefined index: custtime /Applications/XAMPP/xamppfiles/htdocs/rmsdaemon/Application/Home/Controller/AssistantController.class.php 第 59 行.
NOTIC: [8] Undefined index: beizhu /Applications/XAMPP/xamppfiles/htdocs/rmsdaemon/Application/Home/Controller/AssistantController.class.php 第 61 行.
NOTIC: [8] Undefined index: invoiceheader /Applications/XAMPP/xamppfiles/htdocs/rmsdaemon/Application/Home/Controller/AssistantController.class.php 第 63 行.
NOTIC: [8] Undefined index: invoicebody /Applications/XAMPP/xamppfiles/htdocs/rmsdaemon/Application/Home/Controller/AssistantController.class.php 第 65 行.
NOTIC: [8] Undefined index: totalmoney /Applications/XAMPP/xamppfiles/htdocs/rmsdaemon/Application/Home/Controller/AssistantController.class.php 第 67 行.
NOTIC: [8] Undefined index: shouldmoney /Applications/XAMPP/xamppfiles/htdocs/rmsdaemon/Application/Home/Controller/AssistantController.class.php 第 69 行.
NOTIC: [8] Undefined index: paidmoney /Applications/XAMPP/xamppfiles/htdocs/rmsdaemon/Application/Home/Controller/AssistantController.class.php 第 71 行.
NOTIC: [8] Undefined index: origian /Applications/XAMPP/xamppfiles/htdocs/rmsdaemon/Application/Home/Controller/AssistantController.class.php 第 73 行.
NOTIC: [8] Undefined index: latitude /Applications/XAMPP/xamppfiles/htdocs/rmsdaemon/Application/Home/Controller/AssistantController.class.php 第 77 行.
NOTIC: [8] Undefined index: longitude /Applications/XAMPP/xamppfiles/htdocs/rmsdaemon/Application/Home/Controller/AssistantController.class.php 第 79 行.
NOTIC: [8] Undefined index: company /Applications/XAMPP/xamppfiles/htdocs/rmsdaemon/Application/Home/Controller/AssistantController.class.php 第 81 行.
NOTIC: [8] Undefined index: ap /Applications/XAMPP/xamppfiles/htdocs/rmsdaemon/Application/Home/Controller/AssistantController.class.php 第 85 行.
NOTIC: [8] Undefined index: orderformid /Applications/XAMPP/xamppfiles/htdocs/rmsdaemon/Application/Home/Controller/AssistantController.class.php 第 89 行.
NOTIC: [8] Undefined index: orderformid /Applications/XAMPP/xamppfiles/htdocs/rmsdaemon/Application/Home/Controller/AssistantController.class.php 第 96 行.
NOTIC: [2] Illegal offset type in isset or empty /Applications/XAMPP/xamppfiles/htdocs/rmsdaemon/ThinkPHP/Library/Think/Model.class.php 第 445 行.
NOTIC: [2] Missing argument 2 for Home\Controller\AssistantController::saveOrderGoods(), called in /Applications/XAMPP/xamppfiles/htdocs/rmsdaemon/Application/Home/Controller/AssistantController.class.php on line 36 and defined /Applications/XAMPP/xamppfiles/htdocs/rmsdaemon/Application/Home/Controller/AssistantController.class.php 第 106 行.
NOTIC: [8] Undefined index: orderproductsid /Applications/XAMPP/xamppfiles/htdocs/rmsdaemon/Application/Home/Controller/AssistantController.class.php 第 108 行.
NOTIC: [2] Invalid argument supplied for foreach() /Applications/XAMPP/xamppfiles/htdocs/rmsdaemon/Application/Home/Controller/AssistantController.class.php 第 115 行.
NOTIC: [2] curl_setopt(): You must pass either an object or an array with the CURLOPT_HTTPHEADER argument /Applications/XAMPP/xamppfiles/htdocs/rmsdaemon/Application/Home/Common/function.php 第 35 行.
INFO: [ app_end ] --START--
INFO: Run Behavior\ShowPageTraceBehavior [ RunTime:0.001468s ]
INFO: [ app_end ] --END-- [ RunTime:0.001553s ]

[ 2016-03-20T10:40:21+08:00 ]  
INFO: [ app_init ] --START--
INFO: Run Behavior\BuildLiteBehavior [ RunTime:0.000026s ]
INFO: [ app_init ] --END-- [ RunTime:0.001158s ]
NOTIC: [8] Undefined index: REQUEST_METHOD /Applications/XAMPP/xamppfiles/htdocs/rmsdaemon/ThinkPHP/Library/Think/App.class.php 第 31 行.
NOTIC: [8] Undefined index: REQUEST_URI /Applications/XAMPP/xamppfiles/htdocs/rmsdaemon/ThinkPHP/Library/Think/Dispatcher.class.php 第 137 行.
NOTIC: [8] Use of undefined constant _PHP_FILE_ - assumed '_PHP_FILE_' /Applications/XAMPP/xamppfiles/htdocs/rmsdaemon/ThinkPHP/Library/Think/Dispatcher.class.php 第 184 行.
INFO: [ app_begin ] --START--
INFO: Run Behavior\ReadHtmlCacheBehavior [ RunTime:0.000614s ]
INFO: [ app_begin ] --END-- [ RunTime:0.000665s ]
NOTIC: [2] curl_setopt(): You must pass either an object or an array with the CURLOPT_HTTPHEADER argument /Applications/XAMPP/xamppfiles/htdocs/rmsdaemon/Application/Home/Common/function.php 第 35 行.
NOTIC: [8] Undefined index: orderformid /Applications/XAMPP/xamppfiles/htdocs/rmsdaemon/Application/Home/Controller/AssistantController.class.php 第 53 行.
NOTIC: [8] Undefined index: ordersn /Applications/XAMPP/xamppfiles/htdocs/rmsdaemon/Application/Home/Controller/AssistantController.class.php 第 54 行.
NOTIC: [8] Undefined index: address /Applications/XAMPP/xamppfiles/htdocs/rmsdaemon/Application/Home/Controller/AssistantController.class.php 第 56 行.
NOTIC: [8] Undefined index: telphone /Applications/XAMPP/xamppfiles/htdocs/rmsdaemon/Application/Home/Controller/AssistantController.class.php 第 58 行.
NOTIC: [8] Undefined index: custtime /Applications/XAMPP/xamppfiles/htdocs/rmsdaemon/Application/Home/Controller/AssistantController.class.php 第 60 行.
NOTIC: [8] Undefined index: beizhu /Applications/XAMPP/xamppfiles/htdocs/rmsdaemon/Application/Home/Controller/AssistantController.class.php 第 62 行.
NOTIC: [8] Undefined index: invoiceheader /Applications/XAMPP/xamppfiles/htdocs/rmsdaemon/Application/Home/Controller/AssistantController.class.php 第 64 行.
NOTIC: [8] Undefined index: invoicebody /Applications/XAMPP/xamppfiles/htdocs/rmsdaemon/Application/Home/Controller/AssistantController.class.php 第 66 行.
NOTIC: [8] Undefined index: totalmoney /Applications/XAMPP/xamppfiles/htdocs/rmsdaemon/Application/Home/Controller/AssistantController.class.php 第 68 行.
NOTIC: [8] Undefined index: shouldmoney /Applications/XAMPP/xamppfiles/htdocs/rmsdaemon/Application/Home/Controller/AssistantController.class.php 第 70 行.
NOTIC: [8] Undefined index: paidmoney /Applications/XAMPP/xamppfiles/htdocs/rmsdaemon/Application/Home/Controller/AssistantController.class.php 第 72 行.
NOTIC: [8] Undefined index: origian /Applications/XAMPP/xamppfiles/htdocs/rmsdaemon/Application/Home/Controller/AssistantController.class.php 第 74 行.
NOTIC: [8] Undefined index: latitude /Applications/XAMPP/xamppfiles/htdocs/rmsdaemon/Application/Home/Controller/AssistantController.class.php 第 78 行.
NOTIC: [8] Undefined index: longitude /Applications/XAMPP/xamppfiles/htdocs/rmsdaemon/Application/Home/Controller/AssistantController.class.php 第 80 行.
NOTIC: [8] Undefined index: company /Applications/XAMPP/xamppfiles/htdocs/rmsdaemon/Application/Home/Controller/AssistantController.class.php 第 82 行.
NOTIC: [8] Undefined index: ap /Applications/XAMPP/xamppfiles/htdocs/rmsdaemon/Application/Home/Controller/AssistantController.class.php 第 86 行.
NOTIC: [8] Undefined index: orderformid /Applications/XAMPP/xamppfiles/htdocs/rmsdaemon/Application/Home/Controller/AssistantController.class.php 第 90 行.
ERR: 1048:Column 'sn' cannot be null
 [ SQL语句 ] : INSERT INTO `sp_order` (`sn`,`address`,`tel`,`time`,`remark`,`inv_content`,`amount`,`getmoney`,`money_paid`,`refer`,`add_time`,`latitude`,`longitude`,`company`,`area`,`ap`) VALUES (NULL,NULL,NULL,NULL,NULL,NULL,NULL,NULL,NULL,NULL,'10:40:21',NULL,NULL,NULL,'南京',NULL)
NOTIC: [2] Missing argument 2 for Home\Controller\AssistantController::saveOrderGoods(), called in /Applications/XAMPP/xamppfiles/htdocs/rmsdaemon/Application/Home/Controller/AssistantController.class.php on line 37 and defined /Applications/XAMPP/xamppfiles/htdocs/rmsdaemon/Application/Home/Controller/AssistantController.class.php 第 107 行.
NOTIC: [8] Undefined index: orderproductsid /Applications/XAMPP/xamppfiles/htdocs/rmsdaemon/Application/Home/Controller/AssistantController.class.php 第 109 行.
NOTIC: [2] Invalid argument supplied for foreach() /Applications/XAMPP/xamppfiles/htdocs/rmsdaemon/Application/Home/Controller/AssistantController.class.php 第 116 行.
NOTIC: [2] curl_setopt(): You must pass either an object or an array with the CURLOPT_HTTPHEADER argument /Applications/XAMPP/xamppfiles/htdocs/rmsdaemon/Application/Home/Common/function.php 第 35 行.
INFO: [ app_end ] --START--
INFO: Run Behavior\ShowPageTraceBehavior [ RunTime:0.001124s ]
INFO: [ app_end ] --END-- [ RunTime:0.001216s ]

[ 2016-03-20T10:41:07+08:00 ]  
INFO: [ app_init ] --START--
INFO: Run Behavior\BuildLiteBehavior [ RunTime:0.000019s ]
INFO: [ app_init ] --END-- [ RunTime:0.000734s ]
NOTIC: [8] Undefined index: REQUEST_METHOD /Applications/XAMPP/xamppfiles/htdocs/rmsdaemon/ThinkPHP/Library/Think/App.class.php 第 31 行.
NOTIC: [8] Undefined index: REQUEST_URI /Applications/XAMPP/xamppfiles/htdocs/rmsdaemon/ThinkPHP/Library/Think/Dispatcher.class.php 第 137 行.
NOTIC: [8] Use of undefined constant _PHP_FILE_ - assumed '_PHP_FILE_' /Applications/XAMPP/xamppfiles/htdocs/rmsdaemon/ThinkPHP/Library/Think/Dispatcher.class.php 第 184 行.
INFO: [ app_begin ] --START--
INFO: Run Behavior\ReadHtmlCacheBehavior [ RunTime:0.000771s ]
INFO: [ app_begin ] --END-- [ RunTime:0.000827s ]
NOTIC: [2] curl_setopt(): You must pass either an object or an array with the CURLOPT_HTTPHEADER argument /Applications/XAMPP/xamppfiles/htdocs/rmsdaemon/Application/Home/Common/function.php 第 35 行.
NOTIC: [8] Undefined index: orderformid /Applications/XAMPP/xamppfiles/htdocs/rmsdaemon/Application/Home/Controller/AssistantController.class.php 第 53 行.
NOTIC: [8] Undefined index: ordersn /Applications/XAMPP/xamppfiles/htdocs/rmsdaemon/Application/Home/Controller/AssistantController.class.php 第 54 行.
NOTIC: [8] Undefined index: address /Applications/XAMPP/xamppfiles/htdocs/rmsdaemon/Application/Home/Controller/AssistantController.class.php 第 56 行.
NOTIC: [8] Undefined index: telphone /Applications/XAMPP/xamppfiles/htdocs/rmsdaemon/Application/Home/Controller/AssistantController.class.php 第 58 行.
NOTIC: [8] Undefined index: custtime /Applications/XAMPP/xamppfiles/htdocs/rmsdaemon/Application/Home/Controller/AssistantController.class.php 第 60 行.
NOTIC: [8] Undefined index: beizhu /Applications/XAMPP/xamppfiles/htdocs/rmsdaemon/Application/Home/Controller/AssistantController.class.php 第 62 行.
NOTIC: [8] Undefined index: invoiceheader /Applications/XAMPP/xamppfiles/htdocs/rmsdaemon/Application/Home/Controller/AssistantController.class.php 第 64 行.
NOTIC: [8] Undefined index: invoicebody /Applications/XAMPP/xamppfiles/htdocs/rmsdaemon/Application/Home/Controller/AssistantController.class.php 第 66 行.
NOTIC: [8] Undefined index: totalmoney /Applications/XAMPP/xamppfiles/htdocs/rmsdaemon/Application/Home/Controller/AssistantController.class.php 第 68 行.
NOTIC: [8] Undefined index: shouldmoney /Applications/XAMPP/xamppfiles/htdocs/rmsdaemon/Application/Home/Controller/AssistantController.class.php 第 70 行.
NOTIC: [8] Undefined index: paidmoney /Applications/XAMPP/xamppfiles/htdocs/rmsdaemon/Application/Home/Controller/AssistantController.class.php 第 72 行.
NOTIC: [8] Undefined index: origian /Applications/XAMPP/xamppfiles/htdocs/rmsdaemon/Application/Home/Controller/AssistantController.class.php 第 74 行.
NOTIC: [8] Undefined index: latitude /Applications/XAMPP/xamppfiles/htdocs/rmsdaemon/Application/Home/Controller/AssistantController.class.php 第 78 行.
NOTIC: [8] Undefined index: longitude /Applications/XAMPP/xamppfiles/htdocs/rmsdaemon/Application/Home/Controller/AssistantController.class.php 第 80 行.
NOTIC: [8] Undefined index: company /Applications/XAMPP/xamppfiles/htdocs/rmsdaemon/Application/Home/Controller/AssistantController.class.php 第 82 行.
NOTIC: [8] Undefined index: ap /Applications/XAMPP/xamppfiles/htdocs/rmsdaemon/Application/Home/Controller/AssistantController.class.php 第 86 行.
NOTIC: [8] Undefined index: orderformid /Applications/XAMPP/xamppfiles/htdocs/rmsdaemon/Application/Home/Controller/AssistantController.class.php 第 90 行.
ERR: 1048:Column 'sn' cannot be null
 [ SQL语句 ] : INSERT INTO `sp_order` (`sn`,`address`,`tel`,`time`,`remark`,`inv_content`,`amount`,`getmoney`,`money_paid`,`refer`,`add_time`,`latitude`,`longitude`,`company`,`area`,`ap`) VALUES (NULL,NULL,NULL,NULL,NULL,NULL,NULL,NULL,NULL,NULL,'10:41:07',NULL,NULL,NULL,'南京',NULL)
NOTIC: [2] Missing argument 2 for Home\Controller\AssistantController::saveOrderGoods(), called in /Applications/XAMPP/xamppfiles/htdocs/rmsdaemon/Application/Home/Controller/AssistantController.class.php on line 37 and defined /Applications/XAMPP/xamppfiles/htdocs/rmsdaemon/Application/Home/Controller/AssistantController.class.php 第 107 行.
NOTIC: [8] Undefined index: orderproductsid /Applications/XAMPP/xamppfiles/htdocs/rmsdaemon/Application/Home/Controller/AssistantController.class.php 第 109 行.
NOTIC: [2] Invalid argument supplied for foreach() /Applications/XAMPP/xamppfiles/htdocs/rmsdaemon/Application/Home/Controller/AssistantController.class.php 第 116 行.
NOTIC: [2] curl_setopt(): You must pass either an object or an array with the CURLOPT_HTTPHEADER argument /Applications/XAMPP/xamppfiles/htdocs/rmsdaemon/Application/Home/Common/function.php 第 35 行.
INFO: [ app_end ] --START--
INFO: Run Behavior\ShowPageTraceBehavior [ RunTime:0.001477s ]
INFO: [ app_end ] --END-- [ RunTime:0.001571s ]

[ 2016-03-20T10:41:44+08:00 ]  
INFO: [ app_init ] --START--
INFO: Run Behavior\BuildLiteBehavior [ RunTime:0.000019s ]
INFO: [ app_init ] --END-- [ RunTime:0.000630s ]
NOTIC: [8] Undefined index: REQUEST_METHOD /Applications/XAMPP/xamppfiles/htdocs/rmsdaemon/ThinkPHP/Library/Think/App.class.php 第 31 行.
NOTIC: [8] Undefined index: REQUEST_URI /Applications/XAMPP/xamppfiles/htdocs/rmsdaemon/ThinkPHP/Library/Think/Dispatcher.class.php 第 137 行.
NOTIC: [8] Use of undefined constant _PHP_FILE_ - assumed '_PHP_FILE_' /Applications/XAMPP/xamppfiles/htdocs/rmsdaemon/ThinkPHP/Library/Think/Dispatcher.class.php 第 184 行.
INFO: [ app_begin ] --START--
INFO: Run Behavior\ReadHtmlCacheBehavior [ RunTime:0.000607s ]
INFO: [ app_begin ] --END-- [ RunTime:0.000651s ]
NOTIC: [2] curl_setopt(): You must pass either an object or an array with the CURLOPT_HTTPHEADER argument /Applications/XAMPP/xamppfiles/htdocs/rmsdaemon/Application/Home/Common/function.php 第 35 行.
NOTIC: [8] Undefined index: orderformid /Applications/XAMPP/xamppfiles/htdocs/rmsdaemon/Application/Home/Controller/AssistantController.class.php 第 53 行.
NOTIC: [8] Undefined index: ordersn /Applications/XAMPP/xamppfiles/htdocs/rmsdaemon/Application/Home/Controller/AssistantController.class.php 第 54 行.
NOTIC: [8] Undefined index: address /Applications/XAMPP/xamppfiles/htdocs/rmsdaemon/Application/Home/Controller/AssistantController.class.php 第 56 行.
NOTIC: [8] Undefined index: telphone /Applications/XAMPP/xamppfiles/htdocs/rmsdaemon/Application/Home/Controller/AssistantController.class.php 第 58 行.
NOTIC: [8] Undefined index: custtime /Applications/XAMPP/xamppfiles/htdocs/rmsdaemon/Application/Home/Controller/AssistantController.class.php 第 60 行.
NOTIC: [8] Undefined index: beizhu /Applications/XAMPP/xamppfiles/htdocs/rmsdaemon/Application/Home/Controller/AssistantController.class.php 第 62 行.
NOTIC: [8] Undefined index: invoiceheader /Applications/XAMPP/xamppfiles/htdocs/rmsdaemon/Application/Home/Controller/AssistantController.class.php 第 64 行.
NOTIC: [8] Undefined index: invoicebody /Applications/XAMPP/xamppfiles/htdocs/rmsdaemon/Application/Home/Controller/AssistantController.class.php 第 66 行.
NOTIC: [8] Undefined index: totalmoney /Applications/XAMPP/xamppfiles/htdocs/rmsdaemon/Application/Home/Controller/AssistantController.class.php 第 68 行.
NOTIC: [8] Undefined index: shouldmoney /Applications/XAMPP/xamppfiles/htdocs/rmsdaemon/Application/Home/Controller/AssistantController.class.php 第 70 行.
NOTIC: [8] Undefined index: paidmoney /Applications/XAMPP/xamppfiles/htdocs/rmsdaemon/Application/Home/Controller/AssistantController.class.php 第 72 行.
NOTIC: [8] Undefined index: origian /Applications/XAMPP/xamppfiles/htdocs/rmsdaemon/Application/Home/Controller/AssistantController.class.php 第 74 行.
NOTIC: [8] Undefined index: latitude /Applications/XAMPP/xamppfiles/htdocs/rmsdaemon/Application/Home/Controller/AssistantController.class.php 第 78 行.
NOTIC: [8] Undefined index: longitude /Applications/XAMPP/xamppfiles/htdocs/rmsdaemon/Application/Home/Controller/AssistantController.class.php 第 80 行.
NOTIC: [8] Undefined index: company /Applications/XAMPP/xamppfiles/htdocs/rmsdaemon/Application/Home/Controller/AssistantController.class.php 第 82 行.
NOTIC: [8] Undefined index: ap /Applications/XAMPP/xamppfiles/htdocs/rmsdaemon/Application/Home/Controller/AssistantController.class.php 第 86 行.
NOTIC: [8] Undefined index: orderformid /Applications/XAMPP/xamppfiles/htdocs/rmsdaemon/Application/Home/Controller/AssistantController.class.php 第 90 行.
ERR: 1048:Column 'sn' cannot be null
 [ SQL语句 ] : INSERT INTO `sp_order` (`sn`,`address`,`tel`,`time`,`remark`,`inv_content`,`amount`,`getmoney`,`money_paid`,`refer`,`add_time`,`latitude`,`longitude`,`company`,`area`,`ap`) VALUES (NULL,NULL,NULL,NULL,NULL,NULL,NULL,NULL,NULL,NULL,'10:41:44',NULL,NULL,NULL,'南京',NULL)
NOTIC: [2] Missing argument 2 for Home\Controller\AssistantController::saveOrderGoods(), called in /Applications/XAMPP/xamppfiles/htdocs/rmsdaemon/Application/Home/Controller/AssistantController.class.php on line 37 and defined /Applications/XAMPP/xamppfiles/htdocs/rmsdaemon/Application/Home/Controller/AssistantController.class.php 第 107 行.
NOTIC: [8] Undefined index: orderproductsid /Applications/XAMPP/xamppfiles/htdocs/rmsdaemon/Application/Home/Controller/AssistantController.class.php 第 109 行.
NOTIC: [2] Invalid argument supplied for foreach() /Applications/XAMPP/xamppfiles/htdocs/rmsdaemon/Application/Home/Controller/AssistantController.class.php 第 116 行.
NOTIC: [2] curl_setopt(): You must pass either an object or an array with the CURLOPT_HTTPHEADER argument /Applications/XAMPP/xamppfiles/htdocs/rmsdaemon/Application/Home/Common/function.php 第 35 行.
INFO: [ app_end ] --START--
INFO: Run Behavior\ShowPageTraceBehavior [ RunTime:0.000841s ]
INFO: [ app_end ] --END-- [ RunTime:0.000922s ]

[ 2016-03-20T10:42:12+08:00 ]  
INFO: [ app_init ] --START--
INFO: Run Behavior\BuildLiteBehavior [ RunTime:0.000013s ]
INFO: [ app_init ] --END-- [ RunTime:0.000267s ]
NOTIC: [8] Undefined index: REQUEST_METHOD /Applications/XAMPP/xamppfiles/htdocs/rmsdaemon/ThinkPHP/Library/Think/App.class.php 第 31 行.
NOTIC: [8] Undefined index: REQUEST_URI /Applications/XAMPP/xamppfiles/htdocs/rmsdaemon/ThinkPHP/Library/Think/Dispatcher.class.php 第 137 行.
NOTIC: [8] Use of undefined constant _PHP_FILE_ - assumed '_PHP_FILE_' /Applications/XAMPP/xamppfiles/htdocs/rmsdaemon/ThinkPHP/Library/Think/Dispatcher.class.php 第 184 行.
INFO: [ app_begin ] --START--
INFO: Run Behavior\ReadHtmlCacheBehavior [ RunTime:0.000292s ]
INFO: [ app_begin ] --END-- [ RunTime:0.000352s ]
NOTIC: [2] curl_setopt(): You must pass either an object or an array with the CURLOPT_HTTPHEADER argument /Applications/XAMPP/xamppfiles/htdocs/rmsdaemon/Application/Home/Common/function.php 第 35 行.
NOTIC: [8] Undefined index: orderformid /Applications/XAMPP/xamppfiles/htdocs/rmsdaemon/Application/Home/Controller/AssistantController.class.php 第 54 行.
NOTIC: [8] Undefined index: ordersn /Applications/XAMPP/xamppfiles/htdocs/rmsdaemon/Application/Home/Controller/AssistantController.class.php 第 55 行.
NOTIC: [8] Undefined index: address /Applications/XAMPP/xamppfiles/htdocs/rmsdaemon/Application/Home/Controller/AssistantController.class.php 第 57 行.
NOTIC: [8] Undefined index: telphone /Applications/XAMPP/xamppfiles/htdocs/rmsdaemon/Application/Home/Controller/AssistantController.class.php 第 59 行.
NOTIC: [8] Undefined index: custtime /Applications/XAMPP/xamppfiles/htdocs/rmsdaemon/Application/Home/Controller/AssistantController.class.php 第 61 行.
NOTIC: [8] Undefined index: beizhu /Applications/XAMPP/xamppfiles/htdocs/rmsdaemon/Application/Home/Controller/AssistantController.class.php 第 63 行.
NOTIC: [8] Undefined index: invoiceheader /Applications/XAMPP/xamppfiles/htdocs/rmsdaemon/Application/Home/Controller/AssistantController.class.php 第 65 行.
NOTIC: [8] Undefined index: invoicebody /Applications/XAMPP/xamppfiles/htdocs/rmsdaemon/Application/Home/Controller/AssistantController.class.php 第 67 行.
NOTIC: [8] Undefined index: totalmoney /Applications/XAMPP/xamppfiles/htdocs/rmsdaemon/Application/Home/Controller/AssistantController.class.php 第 69 行.
NOTIC: [8] Undefined index: shouldmoney /Applications/XAMPP/xamppfiles/htdocs/rmsdaemon/Application/Home/Controller/AssistantController.class.php 第 71 行.
NOTIC: [8] Undefined index: paidmoney /Applications/XAMPP/xamppfiles/htdocs/rmsdaemon/Application/Home/Controller/AssistantController.class.php 第 73 行.
NOTIC: [8] Undefined index: origian /Applications/XAMPP/xamppfiles/htdocs/rmsdaemon/Application/Home/Controller/AssistantController.class.php 第 75 行.
NOTIC: [8] Undefined index: latitude /Applications/XAMPP/xamppfiles/htdocs/rmsdaemon/Application/Home/Controller/AssistantController.class.php 第 79 行.
NOTIC: [8] Undefined index: longitude /Applications/XAMPP/xamppfiles/htdocs/rmsdaemon/Application/Home/Controller/AssistantController.class.php 第 81 行.
NOTIC: [8] Undefined index: company /Applications/XAMPP/xamppfiles/htdocs/rmsdaemon/Application/Home/Controller/AssistantController.class.php 第 83 行.
NOTIC: [8] Undefined index: ap /Applications/XAMPP/xamppfiles/htdocs/rmsdaemon/Application/Home/Controller/AssistantController.class.php 第 87 行.
NOTIC: [8] Undefined index: orderformid /Applications/XAMPP/xamppfiles/htdocs/rmsdaemon/Application/Home/Controller/AssistantController.class.php 第 91 行.
ERR: 1048:Column 'sn' cannot be null
 [ SQL语句 ] : INSERT INTO `sp_order` (`sn`,`address`,`tel`,`time`,`remark`,`inv_content`,`amount`,`getmoney`,`money_paid`,`refer`,`add_time`,`latitude`,`longitude`,`company`,`area`,`ap`) VALUES (NULL,NULL,NULL,NULL,NULL,NULL,NULL,NULL,NULL,NULL,'10:42:12',NULL,NULL,NULL,'南京',NULL)
NOTIC: [2] Missing argument 2 for Home\Controller\AssistantController::saveOrderGoods(), called in /Applications/XAMPP/xamppfiles/htdocs/rmsdaemon/Application/Home/Controller/AssistantController.class.php on line 38 and defined /Applications/XAMPP/xamppfiles/htdocs/rmsdaemon/Application/Home/Controller/AssistantController.class.php 第 108 行.
NOTIC: [8] Undefined index: orderproductsid /Applications/XAMPP/xamppfiles/htdocs/rmsdaemon/Application/Home/Controller/AssistantController.class.php 第 110 行.
NOTIC: [2] Invalid argument supplied for foreach() /Applications/XAMPP/xamppfiles/htdocs/rmsdaemon/Application/Home/Controller/AssistantController.class.php 第 117 行.
NOTIC: [2] curl_setopt(): You must pass either an object or an array with the CURLOPT_HTTPHEADER argument /Applications/XAMPP/xamppfiles/htdocs/rmsdaemon/Application/Home/Common/function.php 第 35 行.
INFO: [ app_end ] --START--
INFO: Run Behavior\ShowPageTraceBehavior [ RunTime:0.000554s ]
INFO: [ app_end ] --END-- [ RunTime:0.000634s ]

[ 2016-03-20T10:42:46+08:00 ]  
INFO: [ app_init ] --START--
INFO: Run Behavior\BuildLiteBehavior [ RunTime:0.000019s ]
INFO: [ app_init ] --END-- [ RunTime:0.000680s ]
NOTIC: [8] Undefined index: REQUEST_METHOD /Applications/XAMPP/xamppfiles/htdocs/rmsdaemon/ThinkPHP/Library/Think/App.class.php 第 31 行.
NOTIC: [8] Undefined index: REQUEST_URI /Applications/XAMPP/xamppfiles/htdocs/rmsdaemon/ThinkPHP/Library/Think/Dispatcher.class.php 第 137 行.
NOTIC: [8] Use of undefined constant _PHP_FILE_ - assumed '_PHP_FILE_' /Applications/XAMPP/xamppfiles/htdocs/rmsdaemon/ThinkPHP/Library/Think/Dispatcher.class.php 第 184 行.
INFO: [ app_begin ] --START--
INFO: Run Behavior\ReadHtmlCacheBehavior [ RunTime:0.000753s ]
INFO: [ app_begin ] --END-- [ RunTime:0.000811s ]
NOTIC: [2] curl_setopt(): You must pass either an object or an array with the CURLOPT_HTTPHEADER argument /Applications/XAMPP/xamppfiles/htdocs/rmsdaemon/Application/Home/Common/function.php 第 35 行.

[ 2016-03-20T10:43:11+08:00 ]  
INFO: [ app_init ] --START--
INFO: Run Behavior\BuildLiteBehavior [ RunTime:0.000020s ]
INFO: [ app_init ] --END-- [ RunTime:0.000650s ]
NOTIC: [8] Undefined index: REQUEST_METHOD /Applications/XAMPP/xamppfiles/htdocs/rmsdaemon/ThinkPHP/Library/Think/App.class.php 第 31 行.
NOTIC: [8] Undefined index: REQUEST_URI /Applications/XAMPP/xamppfiles/htdocs/rmsdaemon/ThinkPHP/Library/Think/Dispatcher.class.php 第 137 行.
NOTIC: [8] Use of undefined constant _PHP_FILE_ - assumed '_PHP_FILE_' /Applications/XAMPP/xamppfiles/htdocs/rmsdaemon/ThinkPHP/Library/Think/Dispatcher.class.php 第 184 行.
INFO: [ app_begin ] --START--
INFO: Run Behavior\ReadHtmlCacheBehavior [ RunTime:0.000795s ]
INFO: [ app_begin ] --END-- [ RunTime:0.000852s ]
NOTIC: [2] curl_setopt(): You must pass either an object or an array with the CURLOPT_HTTPHEADER argument /Applications/XAMPP/xamppfiles/htdocs/rmsdaemon/Application/Home/Common/function.php 第 35 行.

[ 2016-03-20T10:45:01+08:00 ]  
INFO: [ app_init ] --START--
INFO: Run Behavior\BuildLiteBehavior [ RunTime:0.000012s ]
INFO: [ app_init ] --END-- [ RunTime:0.000255s ]
NOTIC: [8] Undefined index: REQUEST_METHOD /Applications/XAMPP/xamppfiles/htdocs/rmsdaemon/ThinkPHP/Library/Think/App.class.php 第 31 行.
NOTIC: [8] Undefined index: REQUEST_URI /Applications/XAMPP/xamppfiles/htdocs/rmsdaemon/ThinkPHP/Library/Think/Dispatcher.class.php 第 137 行.
NOTIC: [8] Use of undefined constant _PHP_FILE_ - assumed '_PHP_FILE_' /Applications/XAMPP/xamppfiles/htdocs/rmsdaemon/ThinkPHP/Library/Think/Dispatcher.class.php 第 184 行.
INFO: [ app_begin ] --START--
INFO: Run Behavior\ReadHtmlCacheBehavior [ RunTime:0.000247s ]
INFO: [ app_begin ] --END-- [ RunTime:0.000278s ]
NOTIC: [2] curl_setopt(): You must pass either an object or an array with the CURLOPT_HTTPHEADER argument /Applications/XAMPP/xamppfiles/htdocs/rmsdaemon/Application/Home/Common/function.php 第 35 行.

[ 2016-03-20T14:34:32+08:00 ]  
INFO: [ app_init ] --START--
INFO: Run Behavior\BuildLiteBehavior [ RunTime:0.000019s ]
INFO: [ app_init ] --END-- [ RunTime:0.000682s ]
NOTIC: [8] Undefined index: REQUEST_METHOD /Applications/XAMPP/xamppfiles/htdocs/rmsdaemon/ThinkPHP/Library/Think/App.class.php 第 31 行.
NOTIC: [8] Undefined index: REQUEST_URI /Applications/XAMPP/xamppfiles/htdocs/rmsdaemon/ThinkPHP/Library/Think/Dispatcher.class.php 第 137 行.
NOTIC: [8] Use of undefined constant _PHP_FILE_ - assumed '_PHP_FILE_' /Applications/XAMPP/xamppfiles/htdocs/rmsdaemon/ThinkPHP/Library/Think/Dispatcher.class.php 第 184 行.
INFO: [ app_begin ] --START--
INFO: Run Behavior\ReadHtmlCacheBehavior [ RunTime:0.000762s ]
INFO: [ app_begin ] --END-- [ RunTime:0.000821s ]
NOTIC: [2] curl_setopt(): You must pass either an object or an array with the CURLOPT_HTTPHEADER argument /Applications/XAMPP/xamppfiles/htdocs/rmsdaemon/Application/Home/Common/function.php 第 35 行.

[ 2016-03-20T14:35:08+08:00 ]  
INFO: [ app_init ] --START--
INFO: Run Behavior\BuildLiteBehavior [ RunTime:0.000019s ]
INFO: [ app_init ] --END-- [ RunTime:0.000667s ]
NOTIC: [8] Undefined index: REQUEST_METHOD /Applications/XAMPP/xamppfiles/htdocs/rmsdaemon/ThinkPHP/Library/Think/App.class.php 第 31 行.
NOTIC: [8] Undefined index: REQUEST_URI /Applications/XAMPP/xamppfiles/htdocs/rmsdaemon/ThinkPHP/Library/Think/Dispatcher.class.php 第 137 行.
NOTIC: [8] Use of undefined constant _PHP_FILE_ - assumed '_PHP_FILE_' /Applications/XAMPP/xamppfiles/htdocs/rmsdaemon/ThinkPHP/Library/Think/Dispatcher.class.php 第 184 行.
INFO: [ app_begin ] --START--
INFO: Run Behavior\ReadHtmlCacheBehavior [ RunTime:0.000751s ]
INFO: [ app_begin ] --END-- [ RunTime:0.000809s ]
NOTIC: [2] curl_setopt(): You must pass either an object or an array with the CURLOPT_HTTPHEADER argument /Applications/XAMPP/xamppfiles/htdocs/rmsdaemon/Application/Home/Common/function.php 第 35 行.

[ 2016-03-20T14:35:49+08:00 ]  
INFO: [ app_init ] --START--
INFO: Run Behavior\BuildLiteBehavior [ RunTime:0.000019s ]
INFO: [ app_init ] --END-- [ RunTime:0.000620s ]
NOTIC: [8] Undefined index: REQUEST_METHOD /Applications/XAMPP/xamppfiles/htdocs/rmsdaemon/ThinkPHP/Library/Think/App.class.php 第 31 行.
NOTIC: [8] Undefined index: REQUEST_URI /Applications/XAMPP/xamppfiles/htdocs/rmsdaemon/ThinkPHP/Library/Think/Dispatcher.class.php 第 137 行.
NOTIC: [8] Use of undefined constant _PHP_FILE_ - assumed '_PHP_FILE_' /Applications/XAMPP/xamppfiles/htdocs/rmsdaemon/ThinkPHP/Library/Think/Dispatcher.class.php 第 184 行.
INFO: [ app_begin ] --START--
INFO: Run Behavior\ReadHtmlCacheBehavior [ RunTime:0.000734s ]
INFO: [ app_begin ] --END-- [ RunTime:0.000809s ]
NOTIC: [2] curl_setopt(): You must pass either an object or an array with the CURLOPT_HTTPHEADER argument /Applications/XAMPP/xamppfiles/htdocs/rmsdaemon/Application/Home/Common/function.php 第 35 行.

[ 2016-03-20T14:38:31+08:00 ]  
INFO: [ app_init ] --START--
INFO: Run Behavior\BuildLiteBehavior [ RunTime:0.000019s ]
INFO: [ app_init ] --END-- [ RunTime:0.000652s ]
NOTIC: [8] Undefined index: REQUEST_METHOD /Applications/XAMPP/xamppfiles/htdocs/rmsdaemon/ThinkPHP/Library/Think/App.class.php 第 31 行.
NOTIC: [8] Undefined index: REQUEST_URI /Applications/XAMPP/xamppfiles/htdocs/rmsdaemon/ThinkPHP/Library/Think/Dispatcher.class.php 第 137 行.
NOTIC: [8] Use of undefined constant _PHP_FILE_ - assumed '_PHP_FILE_' /Applications/XAMPP/xamppfiles/htdocs/rmsdaemon/ThinkPHP/Library/Think/Dispatcher.class.php 第 184 行.
INFO: [ app_begin ] --START--
INFO: Run Behavior\ReadHtmlCacheBehavior [ RunTime:0.000755s ]
INFO: [ app_begin ] --END-- [ RunTime:0.000812s ]
NOTIC: [2] curl_setopt(): You must pass either an object or an array with the CURLOPT_HTTPHEADER argument /Applications/XAMPP/xamppfiles/htdocs/rmsdaemon/Application/Home/Common/function.php 第 35 行.

