[ 2016-03-28T17:02:40+08:00 ]  
INFO: [ app_init ] --START--
INFO: Run Behavior\BuildLiteBehavior [ RunTime:0.000019s ]
INFO: [ app_init ] --END-- [ RunTime:0.001253s ]
NOTIC: [8] Undefined index: REQUEST_METHOD /Applications/XAMPP/xamppfiles/htdocs/rmsdaemon/ThinkPHP/Library/Think/App.class.php 第 31 行.
NOTIC: [8] Undefined index: REQUEST_URI /Applications/XAMPP/xamppfiles/htdocs/rmsdaemon/ThinkPHP/Library/Think/Dispatcher.class.php 第 137 行.
NOTIC: [8] Use of undefined constant _PHP_FILE_ - assumed '_PHP_FILE_' /Applications/XAMPP/xamppfiles/htdocs/rmsdaemon/ThinkPHP/Library/Think/Dispatcher.class.php 第 184 行.
INFO: [ app_begin ] --START--
INFO: Run Behavior\ReadHtmlCacheBehavior [ RunTime:0.000746s ]
INFO: [ app_begin ] --END-- [ RunTime:0.000806s ]
INFO: [ app_end ] --START--
INFO: Run Behavior\ShowPageTraceBehavior [ RunTime:0.000685s ]
INFO: [ app_end ] --END-- [ RunTime:0.000761s ]

[ 2016-03-28T17:02:42+08:00 ]  
INFO: [ app_init ] --START--
INFO: Run Behavior\BuildLiteBehavior [ RunTime:0.000013s ]
INFO: [ app_init ] --END-- [ RunTime:0.000269s ]
NOTIC: [8] Undefined index: REQUEST_METHOD /Applications/XAMPP/xamppfiles/htdocs/rmsdaemon/ThinkPHP/Library/Think/App.class.php 第 31 行.
NOTIC: [8] Undefined index: REQUEST_URI /Applications/XAMPP/xamppfiles/htdocs/rmsdaemon/ThinkPHP/Library/Think/Dispatcher.class.php 第 137 行.
NOTIC: [8] Use of undefined constant _PHP_FILE_ - assumed '_PHP_FILE_' /Applications/XAMPP/xamppfiles/htdocs/rmsdaemon/ThinkPHP/Library/Think/Dispatcher.class.php 第 184 行.
INFO: [ app_begin ] --START--
INFO: Run Behavior\ReadHtmlCacheBehavior [ RunTime:0.000284s ]
INFO: [ app_begin ] --END-- [ RunTime:0.000319s ]
INFO: [ app_end ] --START--
INFO: Run Behavior\ShowPageTraceBehavior [ RunTime:0.000393s ]
INFO: [ app_end ] --END-- [ RunTime:0.000465s ]

[ 2016-03-28T17:02:48+08:00 ]  
INFO: [ app_init ] --START--
INFO: Run Behavior\BuildLiteBehavior [ RunTime:0.000011s ]
INFO: [ app_init ] --END-- [ RunTime:0.000248s ]
NOTIC: [8] Undefined index: REQUEST_METHOD /Applications/XAMPP/xamppfiles/htdocs/rmsdaemon/ThinkPHP/Library/Think/App.class.php 第 31 行.
NOTIC: [8] Undefined index: REQUEST_URI /Applications/XAMPP/xamppfiles/htdocs/rmsdaemon/ThinkPHP/Library/Think/Dispatcher.class.php 第 137 行.
NOTIC: [8] Use of undefined constant _PHP_FILE_ - assumed '_PHP_FILE_' /Applications/XAMPP/xamppfiles/htdocs/rmsdaemon/ThinkPHP/Library/Think/Dispatcher.class.php 第 184 行.
INFO: [ app_begin ] --START--
INFO: Run Behavior\ReadHtmlCacheBehavior [ RunTime:0.000238s ]
INFO: [ app_begin ] --END-- [ RunTime:0.000269s ]
INFO: [ app_end ] --START--
INFO: Run Behavior\ShowPageTraceBehavior [ RunTime:0.000340s ]
INFO: [ app_end ] --END-- [ RunTime:0.000402s ]

[ 2016-03-28T17:05:08+08:00 ]  
INFO: [ app_init ] --START--
INFO: Run Behavior\BuildLiteBehavior [ RunTime:0.000016s ]
INFO: [ app_init ] --END-- [ RunTime:0.000458s ]
NOTIC: [8] Undefined index: REQUEST_METHOD /Applications/XAMPP/xamppfiles/htdocs/rmsdaemon/ThinkPHP/Library/Think/App.class.php 第 31 行.
NOTIC: [8] Undefined index: REQUEST_URI /Applications/XAMPP/xamppfiles/htdocs/rmsdaemon/ThinkPHP/Library/Think/Dispatcher.class.php 第 137 行.
NOTIC: [8] Use of undefined constant _PHP_FILE_ - assumed '_PHP_FILE_' /Applications/XAMPP/xamppfiles/htdocs/rmsdaemon/ThinkPHP/Library/Think/Dispatcher.class.php 第 184 行.
INFO: [ app_begin ] --START--
INFO: Run Behavior\ReadHtmlCacheBehavior [ RunTime:0.000586s ]
INFO: [ app_begin ] --END-- [ RunTime:0.000632s ]
INFO: [ app_end ] --START--
INFO: Run Behavior\ShowPageTraceBehavior [ RunTime:0.000700s ]
INFO: [ app_end ] --END-- [ RunTime:0.000781s ]

[ 2016-03-28T17:05:20+08:00 ]  
INFO: [ app_init ] --START--
INFO: Run Behavior\BuildLiteBehavior [ RunTime:0.000013s ]
INFO: [ app_init ] --END-- [ RunTime:0.000246s ]
NOTIC: [8] Undefined index: REQUEST_METHOD /Applications/XAMPP/xamppfiles/htdocs/rmsdaemon/ThinkPHP/Library/Think/App.class.php 第 31 行.
NOTIC: [8] Undefined index: REQUEST_URI /Applications/XAMPP/xamppfiles/htdocs/rmsdaemon/ThinkPHP/Library/Think/Dispatcher.class.php 第 137 行.
NOTIC: [8] Use of undefined constant _PHP_FILE_ - assumed '_PHP_FILE_' /Applications/XAMPP/xamppfiles/htdocs/rmsdaemon/ThinkPHP/Library/Think/Dispatcher.class.php 第 184 行.
INFO: [ app_begin ] --START--
INFO: Run Behavior\ReadHtmlCacheBehavior [ RunTime:0.000264s ]
INFO: [ app_begin ] --END-- [ RunTime:0.000298s ]
INFO: [ app_end ] --START--
INFO: Run Behavior\ShowPageTraceBehavior [ RunTime:0.000360s ]
INFO: [ app_end ] --END-- [ RunTime:0.000428s ]

