[ 2016-03-03T10:55:15+08:00 ]  
INFO: 开始从美团网下载订单!
[ 2016-03-03T10:58:00+08:00 ]  
INFO: 开始美团网下载
[ 2016-03-03T11:03:54+08:00 ]  
INFO: 开始美团网下载
[ 2016-03-03T11:04:54+08:00 ]  
INFO: 开始美团网下载
[ 2016-03-03T11:05:31+08:00 ]  
INFO: 开始美团网下载
[ 2016-03-03T11:16:15+08:00 ]  
INFO: 开始美团网下载
[ 2016-03-03T11:16:15+08:00 ]  
INFO: 广州下载的url:http://waimaiopen.meituan.com/api/v1/order/getneworders?app_id=3&app_poi_code=lihua_poi_05&timestamp=1456974975&sig=19e412cd45f30139ef1fb8d7eb699898
[ 2016-03-03T11:16:19+08:00 ]  
INFO: 取订单返回的结果:{"data":[]}
[ 2016-03-03T11:16:19+08:00 ]  
INFO: 没有订单:2016-03-03 11:19:16
[ 2016-03-03T11:16:19+08:00 ]  
INFO: ------------------------------------              
[ 2016-03-03T11:17:17+08:00 ]  
INFO: 开始美团网下载
[ 2016-03-03T11:17:17+08:00 ]  
INFO: 广州下载的url:http://waimaiopen.meituan.com/api/v1/order/getneworders?app_id=3&app_poi_code=lihua_poi_05&timestamp=1456975037&sig=c7bc69b0fb35b7876201a2765ffe0241
[ 2016-03-03T11:17:17+08:00 ]  
INFO: 取订单返回的结果:{"data":[]}
[ 2016-03-03T11:17:17+08:00 ]  
INFO: 没有订单:2016-03-03 11:17:17
[ 2016-03-03T11:17:17+08:00 ]  
INFO: ------------------------------------              
[ 2016-03-03T11:27:05+08:00 ]  
INFO: 开始美团网下载
[ 2016-03-03T11:27:05+08:00 ]  
INFO: 广州下载的url:http://waimaiopen.meituan.com/api/v1/order/getneworders?app_id=3&app_poi_code=lihua_poi_05&timestamp=1456975625&sig=17290c37de618367a9d549b88a2bc71d
[ 2016-03-03T11:27:05+08:00 ]  
INFO: 取订单返回的结果:{"data":[{"ctime":1456975546,"rider_fee":"","order_id":969401892,"wm_poi_id":165214,"pay_type":2,"extras":[{"act_detail_id":null,"reduce_fee":9.0,"remark":"满40.0元减9.0元。","type":2},{"act_detail_id":null,"reduce_fee":1.0,"remark":"用户使用了支付红包减1元","type":10}],"shipping_fee":0.0,"app_order_code":"","wm_poi_name":"丽华快餐","wm_poi_address":"赤岗西路288号B121房","wm_poi_phone":"84281234","recipient_name":"小小(女士)","recipient_phone":"18565573871","recipient_address":"赤岗苑 (赤岗苑小区26号，辛巴达第一个门)","caution":"","shipper_phone":"","has_invoiced":0,"invoice_title":"","is_pre":0,"expect_deliver_time":0,"utime":1456975546,"shipping_type":null,"detail":[{"sku_id":"","box_num":2.0,"box_price":0.0,"unit":"份","price":20.0,"app_food_code":"土豆排骨拼香菇支竹套餐","food_name":"土豆排骨拼香菇支竹套餐","quantity":2,"food_discount":1.0}],"avg_send_time":null,"wm_order_id_view":1652143304562530,"original_price":40.0,"delivery_time":0,"latitude":23.088544,"longitude":113.33116,"source_id":null,"app_poi_code":"lihua_poi_05","city_id":null,"is_third_shipping":0,"remark":"","day_seq":null,"total":30.0,"status":2}]}
[ 2016-03-03T11:27:29+08:00 ]  
INFO: 开始美团网下载
[ 2016-03-03T11:27:29+08:00 ]  
INFO: 广州下载的url:http://waimaiopen.meituan.com/api/v1/order/getneworders?app_id=3&app_poi_code=lihua_poi_05&timestamp=1456975649&sig=4d5f8609debc62c1387045bc45252631
[ 2016-03-03T11:27:29+08:00 ]  
INFO: 取订单返回的结果:{"data":[{"day_seq":null,"rider_fee":"","ctime":1456975546,"extras":[{"act_detail_id":null,"reduce_fee":9.0,"remark":"满40.0元减9.0元。","type":2},{"act_detail_id":null,"reduce_fee":1.0,"remark":"用户使用了支付红包减1元","type":10}],"shipping_fee":0.0,"app_order_code":"","wm_poi_name":"丽华快餐","wm_poi_address":"赤岗西路288号B121房","wm_poi_phone":"84281234","recipient_phone":"18565573871","recipient_address":"赤岗苑 (赤岗苑小区26号，辛巴达第一个门)","caution":"","shipper_phone":"","has_invoiced":0,"invoice_title":"","is_pre":0,"expect_deliver_time":0,"shipping_type":null,"detail":[{"quantity":2,"food_discount":1.0,"food_name":"土豆排骨拼香菇支竹套餐","sku_id":"","app_food_code":"土豆排骨拼香菇支竹套餐","price":20.0,"unit":"份","box_num":2.0,"box_price":0.0}],"avg_send_time":null,"wm_order_id_view":1652143304562530,"original_price":40.0,"delivery_time":0,"order_id":969401892,"pay_type":2,"latitude":23.088544,"longitude":113.33116,"is_third_shipping":0,"utime":1456975546,"app_poi_code":"lihua_poi_05","remark":"","recipient_name":"小小(女士)","city_id":null,"wm_poi_id":165214,"source_id":null,"status":2,"total":30.0}]}
[ 2016-03-03T11:28:20+08:00 ]  
INFO: 开始美团网下载
[ 2016-03-03T11:30:14+08:00 ]  
INFO: 开始美团网下载
[ 2016-03-03T11:30:27+08:00 ]  
INFO: 开始美团网下载
[ 2016-03-03T11:30:46+08:00 ]  
INFO: 开始美团网下载
[ 2016-03-03T11:35:22+08:00 ]  
INFO: 开始美团网下载
[ 2016-03-03T11:35:22+08:00 ]  
INFO: 广州下载的url:http://waimaiopen.meituan.com/api/v1/order/getneworders?app_id=3&app_poi_code=lihua_poi_05&timestamp=1456976122&sig=f13648ab62234eee2a9427041343feb4
[ 2016-03-03T11:35:22+08:00 ]  
INFO: 取订单返回的结果:{"data":[{"ctime":1456633219,"order_id":959605225,"pay_type":2,"is_third_shipping":0,"extras":[{"reduce_fee":8.0,"act_detail_id":null,"remark":"满25.0元减8.0元。","type":2}],"app_order_code":"","wm_poi_name":"丽华快餐(圆明园)","wm_poi_address":"北京水磨西街66号,清华大学西门斜对面","wm_poi_phone":"4008800400","recipient_name":"袁京龙(先生)","recipient_phone":"18612690705","recipient_address":"金苹果幼儿园(正白旗路) (北京市海淀区上地正白旗村正白旗公寓附近成都美食旁路口往里有走左侧斜道看见第一个路口往右走看见第一个)","caution":"","shipper_phone":"","has_invoiced":0,"invoice_title":"","is_pre":0,"expect_deliver_time":0,"shipping_type":null,"detail":[{"food_discount":1.0,"quantity":3,"food_name":"冰露矿泉水","sku_id":"","app_food_code":"冰露矿泉水","unit":"瓶","box_num":0.0,"box_price":0.0,"price":2.0},{"food_discount":1.0,"quantity":1,"food_name":"20元特价套餐","sku_id":"","app_food_code":"20元特价套餐","unit":"份","box_num":1.0,"box_price":0.0,"price":20.0}],"avg_send_time":1913.0,"wm_order_id_view":4431761814289387,"original_price":32.0,"delivery_time":0,"day_seq":null,"utime":1456633219,"source_id":null,"wm_poi_id":443176,"latitude":40.020132,"longitude":116.310008,"app_poi_code":"lihua_poi_61","shipping_fee":6.0,"city_id":null,"remark":"","rider_fee":"","total":24.0,"status":2}]}
[ 2016-03-03T11:35:37+08:00 ]  
INFO: 开始美团网下载
[ 2016-03-03T11:35:37+08:00 ]  
INFO: 广州下载的url:http://waimaiopen.meituan.com/api/v1/order/getneworders?app_id=3&app_poi_code=lihua_poi_05&timestamp=1456976137&sig=25d4ca522d47c75f6419b24b14f9873d
[ 2016-03-03T11:35:37+08:00 ]  
INFO: 取订单返回的结果:{"data":[{"ctime":1456633219,"order_id":959605225,"pay_type":2,"is_third_shipping":0,"extras":[{"reduce_fee":8.0,"act_detail_id":null,"remark":"满25.0元减8.0元。","type":2}],"app_order_code":"","wm_poi_name":"丽华快餐(圆明园)","wm_poi_address":"北京水磨西街66号,清华大学西门斜对面","wm_poi_phone":"4008800400","recipient_name":"袁京龙(先生)","recipient_phone":"18612690705","recipient_address":"金苹果幼儿园(正白旗路) (北京市海淀区上地正白旗村正白旗公寓附近成都美食旁路口往里有走左侧斜道看见第一个路口往右走看见第一个)","caution":"","shipper_phone":"","has_invoiced":0,"invoice_title":"","is_pre":0,"expect_deliver_time":0,"shipping_type":null,"detail":[{"food_discount":1.0,"quantity":3,"food_name":"冰露矿泉水","sku_id":"","app_food_code":"冰露矿泉水","unit":"瓶","box_num":0.0,"box_price":0.0,"price":2.0},{"food_discount":1.0,"quantity":1,"food_name":"20元特价套餐","sku_id":"","app_food_code":"20元特价套餐","unit":"份","box_num":1.0,"box_price":0.0,"price":20.0}],"avg_send_time":1913.0,"wm_order_id_view":4431761814289387,"original_price":32.0,"delivery_time":0,"day_seq":null,"utime":1456633219,"source_id":null,"wm_poi_id":443176,"latitude":40.020132,"longitude":116.310008,"app_poi_code":"lihua_poi_61","shipping_fee":6.0,"city_id":null,"remark":"","rider_fee":"","total":24.0,"status":2}]}
[ 2016-03-03T11:36:08+08:00 ]  
INFO: 开始美团网下载
[ 2016-03-03T11:36:08+08:00 ]  
INFO: 广州下载的url:http://waimaiopen.meituan.com/api/v1/order/getneworders?app_id=3&app_poi_code=lihua_poi_05&timestamp=1456976168&sig=7b568ffd1fd79e263e9cab4564cc61b9
[ 2016-03-03T11:36:08+08:00 ]  
INFO: 取订单返回的结果:{"data":[{"ctime":1456633219,"order_id":959605225,"pay_type":2,"is_third_shipping":0,"extras":[{"reduce_fee":8.0,"act_detail_id":null,"remark":"满25.0元减8.0元。","type":2}],"app_order_code":"","wm_poi_name":"丽华快餐(圆明园)","wm_poi_address":"北京水磨西街66号,清华大学西门斜对面","wm_poi_phone":"4008800400","recipient_name":"袁京龙(先生)","recipient_phone":"18612690705","recipient_address":"金苹果幼儿园(正白旗路) (北京市海淀区上地正白旗村正白旗公寓附近成都美食旁路口往里有走左侧斜道看见第一个路口往右走看见第一个)","caution":"","shipper_phone":"","has_invoiced":0,"invoice_title":"","is_pre":0,"expect_deliver_time":0,"shipping_type":null,"detail":[{"food_discount":1.0,"quantity":3,"food_name":"冰露矿泉水","sku_id":"","app_food_code":"冰露矿泉水","unit":"瓶","box_num":0.0,"box_price":0.0,"price":2.0},{"food_discount":1.0,"quantity":1,"food_name":"20元特价套餐","sku_id":"","app_food_code":"20元特价套餐","unit":"份","box_num":1.0,"box_price":0.0,"price":20.0}],"avg_send_time":1913.0,"wm_order_id_view":4431761814289387,"original_price":32.0,"delivery_time":0,"day_seq":null,"utime":1456633219,"source_id":null,"wm_poi_id":443176,"latitude":40.020132,"longitude":116.310008,"app_poi_code":"lihua_poi_61","shipping_fee":6.0,"city_id":null,"remark":"","rider_fee":"","total":24.0,"status":2}]}
[ 2016-03-03T11:36:13+08:00 ]  
INFO: 开始美团网下载
[ 2016-03-03T11:36:13+08:00 ]  
INFO: 广州下载的url:http://waimaiopen.meituan.com/api/v1/order/getneworders?app_id=3&app_poi_code=lihua_poi_05&timestamp=1456976173&sig=4e0a1bc8126394c45f8dab1fb256325d
[ 2016-03-03T11:36:13+08:00 ]  
INFO: 取订单返回的结果:{"data":[{"ctime":1456633219,"order_id":959605225,"pay_type":2,"is_third_shipping":0,"extras":[{"reduce_fee":8.0,"act_detail_id":null,"remark":"满25.0元减8.0元。","type":2}],"app_order_code":"","wm_poi_name":"丽华快餐(圆明园)","wm_poi_address":"北京水磨西街66号,清华大学西门斜对面","wm_poi_phone":"4008800400","recipient_name":"袁京龙(先生)","recipient_phone":"18612690705","recipient_address":"金苹果幼儿园(正白旗路) (北京市海淀区上地正白旗村正白旗公寓附近成都美食旁路口往里有走左侧斜道看见第一个路口往右走看见第一个)","caution":"","shipper_phone":"","has_invoiced":0,"invoice_title":"","is_pre":0,"expect_deliver_time":0,"shipping_type":null,"detail":[{"food_discount":1.0,"quantity":3,"food_name":"冰露矿泉水","sku_id":"","app_food_code":"冰露矿泉水","unit":"瓶","box_num":0.0,"box_price":0.0,"price":2.0},{"food_discount":1.0,"quantity":1,"food_name":"20元特价套餐","sku_id":"","app_food_code":"20元特价套餐","unit":"份","box_num":1.0,"box_price":0.0,"price":20.0}],"avg_send_time":1913.0,"wm_order_id_view":4431761814289387,"original_price":32.0,"delivery_time":0,"day_seq":null,"utime":1456633219,"source_id":null,"wm_poi_id":443176,"latitude":40.020132,"longitude":116.310008,"app_poi_code":"lihua_poi_61","shipping_fee":6.0,"city_id":null,"remark":"","rider_fee":"","total":24.0,"status":2}]}
[ 2016-03-03T11:36:42+08:00 ]  
INFO: 开始美团网下载
[ 2016-03-03T11:36:42+08:00 ]  
INFO: 广州下载的url:http://waimaiopen.meituan.com/api/v1/order/getneworders?app_id=3&app_poi_code=lihua_poi_05&timestamp=1456976202&sig=3b9549df286609b8c929fe90f2238474
[ 2016-03-03T11:36:42+08:00 ]  
INFO: 取订单返回的结果:{"data":[{"ctime":1456633219,"order_id":959605225,"pay_type":2,"is_third_shipping":0,"extras":[{"reduce_fee":8.0,"act_detail_id":null,"remark":"满25.0元减8.0元。","type":2}],"app_order_code":"","wm_poi_name":"丽华快餐(圆明园)","wm_poi_address":"北京水磨西街66号,清华大学西门斜对面","wm_poi_phone":"4008800400","recipient_name":"袁京龙(先生)","recipient_phone":"18612690705","recipient_address":"金苹果幼儿园(正白旗路) (北京市海淀区上地正白旗村正白旗公寓附近成都美食旁路口往里有走左侧斜道看见第一个路口往右走看见第一个)","caution":"","shipper_phone":"","has_invoiced":0,"invoice_title":"","is_pre":0,"expect_deliver_time":0,"shipping_type":null,"detail":[{"food_discount":1.0,"quantity":3,"food_name":"冰露矿泉水","sku_id":"","app_food_code":"冰露矿泉水","unit":"瓶","box_num":0.0,"box_price":0.0,"price":2.0},{"food_discount":1.0,"quantity":1,"food_name":"20元特价套餐","sku_id":"","app_food_code":"20元特价套餐","unit":"份","box_num":1.0,"box_price":0.0,"price":20.0}],"avg_send_time":1913.0,"wm_order_id_view":4431761814289387,"original_price":32.0,"delivery_time":0,"day_seq":null,"utime":1456633219,"source_id":null,"wm_poi_id":443176,"latitude":40.020132,"longitude":116.310008,"app_poi_code":"lihua_poi_61","shipping_fee":6.0,"city_id":null,"remark":"","rider_fee":"","total":24.0,"status":2}]}
[ 2016-03-03T11:39:36+08:00 ]  
INFO: 开始美团网下载
[ 2016-03-03T11:39:36+08:00 ]  
INFO: 广州下载的url:http://waimaiopen.meituan.com/api/v1/order/getneworders?app_id=3&app_poi_code=lihua_poi_05&timestamp=1456976376&sig=99650cb30ff7a3ac5bf2cddc33294042
[ 2016-03-03T11:39:36+08:00 ]  
INFO: 取订单返回的结果:{"data":[{"ctime":1456633219,"order_id":959605225,"pay_type":2,"is_third_shipping":0,"extras":[{"reduce_fee":8.0,"act_detail_id":null,"remark":"满25.0元减8.0元。","type":2}],"app_order_code":"","wm_poi_name":"丽华快餐(圆明园)","wm_poi_address":"北京水磨西街66号,清华大学西门斜对面","wm_poi_phone":"4008800400","recipient_name":"袁京龙(先生)","recipient_phone":"18612690705","recipient_address":"金苹果幼儿园(正白旗路) (北京市海淀区上地正白旗村正白旗公寓附近成都美食旁路口往里有走左侧斜道看见第一个路口往右走看见第一个)","caution":"","shipper_phone":"","has_invoiced":0,"invoice_title":"","is_pre":0,"expect_deliver_time":0,"shipping_type":null,"detail":[{"food_discount":1.0,"quantity":3,"food_name":"冰露矿泉水","sku_id":"","app_food_code":"冰露矿泉水","unit":"瓶","box_num":0.0,"box_price":0.0,"price":2.0},{"food_discount":1.0,"quantity":1,"food_name":"20元特价套餐","sku_id":"","app_food_code":"20元特价套餐","unit":"份","box_num":1.0,"box_price":0.0,"price":20.0}],"avg_send_time":1913.0,"wm_order_id_view":4431761814289387,"original_price":32.0,"delivery_time":0,"day_seq":null,"utime":1456633219,"source_id":null,"wm_poi_id":443176,"latitude":40.020132,"longitude":116.310008,"app_poi_code":"lihua_poi_61","shipping_fee":6.0,"city_id":null,"remark":"","rider_fee":"","total":24.0,"status":2}]}
[ 2016-03-03T11:39:50+08:00 ]  
INFO: 开始美团网下载
[ 2016-03-03T11:39:50+08:00 ]  
INFO: 广州下载的url:http://waimaiopen.meituan.com/api/v1/order/getneworders?app_id=3&app_poi_code=lihua_poi_05&timestamp=1456976390&sig=973ce27de4d1658294070a95504839d3
[ 2016-03-03T11:39:50+08:00 ]  
INFO: 取订单返回的结果:{"data":[{"ctime":1456633219,"order_id":959605225,"pay_type":2,"is_third_shipping":0,"extras":[{"reduce_fee":8.0,"act_detail_id":null,"remark":"满25.0元减8.0元。","type":2}],"app_order_code":"","wm_poi_name":"丽华快餐(圆明园)","wm_poi_address":"北京水磨西街66号,清华大学西门斜对面","wm_poi_phone":"4008800400","recipient_name":"袁京龙(先生)","recipient_phone":"18612690705","recipient_address":"金苹果幼儿园(正白旗路) (北京市海淀区上地正白旗村正白旗公寓附近成都美食旁路口往里有走左侧斜道看见第一个路口往右走看见第一个)","caution":"","shipper_phone":"","has_invoiced":0,"invoice_title":"","is_pre":0,"expect_deliver_time":0,"shipping_type":null,"detail":[{"food_discount":1.0,"quantity":3,"food_name":"冰露矿泉水","sku_id":"","app_food_code":"冰露矿泉水","unit":"瓶","box_num":0.0,"box_price":0.0,"price":2.0},{"food_discount":1.0,"quantity":1,"food_name":"20元特价套餐","sku_id":"","app_food_code":"20元特价套餐","unit":"份","box_num":1.0,"box_price":0.0,"price":20.0}],"avg_send_time":1913.0,"wm_order_id_view":4431761814289387,"original_price":32.0,"delivery_time":0,"day_seq":null,"utime":1456633219,"source_id":null,"wm_poi_id":443176,"latitude":40.020132,"longitude":116.310008,"app_poi_code":"lihua_poi_61","shipping_fee":6.0,"city_id":null,"remark":"","rider_fee":"","total":24.0,"status":2}]}
[ 2016-03-03T11:40:29+08:00 ]  
INFO: 开始美团网下载
[ 2016-03-03T11:40:29+08:00 ]  
INFO: 广州下载的url:http://waimaiopen.meituan.com/api/v1/order/getneworders?app_id=3&app_poi_code=lihua_poi_05&timestamp=1456976429&sig=787091ff2c1a380d59e82104cd98dbd5
[ 2016-03-03T11:40:29+08:00 ]  
INFO: 取订单返回的结果:{"data":[{"ctime":1456633219,"order_id":959605225,"pay_type":2,"is_third_shipping":0,"extras":[{"reduce_fee":8.0,"act_detail_id":null,"remark":"满25.0元减8.0元。","type":2}],"app_order_code":"","wm_poi_name":"丽华快餐(圆明园)","wm_poi_address":"北京水磨西街66号,清华大学西门斜对面","wm_poi_phone":"4008800400","recipient_name":"袁京龙(先生)","recipient_phone":"18612690705","recipient_address":"金苹果幼儿园(正白旗路) (北京市海淀区上地正白旗村正白旗公寓附近成都美食旁路口往里有走左侧斜道看见第一个路口往右走看见第一个)","caution":"","shipper_phone":"","has_invoiced":0,"invoice_title":"","is_pre":0,"expect_deliver_time":0,"shipping_type":null,"detail":[{"food_discount":1.0,"quantity":3,"food_name":"冰露矿泉水","sku_id":"","app_food_code":"冰露矿泉水","unit":"瓶","box_num":0.0,"box_price":0.0,"price":2.0},{"food_discount":1.0,"quantity":1,"food_name":"20元特价套餐","sku_id":"","app_food_code":"20元特价套餐","unit":"份","box_num":1.0,"box_price":0.0,"price":20.0}],"avg_send_time":1913.0,"wm_order_id_view":4431761814289387,"original_price":32.0,"delivery_time":0,"day_seq":null,"utime":1456633219,"source_id":null,"wm_poi_id":443176,"latitude":40.020132,"longitude":116.310008,"app_poi_code":"lihua_poi_61","shipping_fee":6.0,"city_id":null,"remark":"","rider_fee":"","total":24.0,"status":2}]}
[ 2016-03-03T11:51:32+08:00 ]  
INFO: 开始美团网下载
[ 2016-03-03T11:51:32+08:00 ]  
INFO: 下载的url:http://waimaiopen.meituan.com/api/v1/order/getneworders?app_id=3&app_poi_code=lihua_poi_05&timestamp=1456977092&sig=86af813ecda325b52b093295a21f13ee
[ 2016-03-03T11:51:32+08:00 ]  
INFO: 取订单返回的结果:{"data":[{"ctime":1456633219,"order_id":959605225,"pay_type":2,"is_third_shipping":0,"extras":[{"reduce_fee":8.0,"act_detail_id":null,"remark":"满25.0元减8.0元。","type":2}],"app_order_code":"","wm_poi_name":"丽华快餐(圆明园)","wm_poi_address":"北京水磨西街66号,清华大学西门斜对面","wm_poi_phone":"4008800400","recipient_name":"袁京龙(先生)","recipient_phone":"18612690705","recipient_address":"金苹果幼儿园(正白旗路) (北京市海淀区上地正白旗村正白旗公寓附近成都美食旁路口往里有走左侧斜道看见第一个路口往右走看见第一个)","caution":"","shipper_phone":"","has_invoiced":0,"invoice_title":"","is_pre":0,"expect_deliver_time":0,"shipping_type":null,"detail":[{"food_discount":1.0,"quantity":3,"food_name":"冰露矿泉水","sku_id":"","app_food_code":"冰露矿泉水","unit":"瓶","box_num":0.0,"box_price":0.0,"price":2.0},{"food_discount":1.0,"quantity":1,"food_name":"20元特价套餐","sku_id":"","app_food_code":"20元特价套餐","unit":"份","box_num":1.0,"box_price":0.0,"price":20.0}],"avg_send_time":1913.0,"wm_order_id_view":4431761814289387,"original_price":32.0,"delivery_time":0,"day_seq":null,"utime":1456633219,"source_id":null,"wm_poi_id":443176,"latitude":40.020132,"longitude":116.310008,"app_poi_code":"lihua_poi_61","shipping_fee":6.0,"city_id":null,"remark":"","rider_fee":"","total":24.0,"status":2}]}
[ 2016-03-03T11:53:16+08:00 ]  
INFO: 开始美团网下载
[ 2016-03-03T11:53:16+08:00 ]  
INFO: 下载的url:http://waimaiopen.meituan.com/api/v1/order/getneworders?app_id=3&app_poi_code=lihua_poi_05&timestamp=1456977196&sig=3cb3fd4878e16e088ad8be8b0b4afe61
[ 2016-03-03T11:53:16+08:00 ]  
INFO: 取订单返回的结果:{"data":[{"ctime":1456633219,"order_id":959605225,"pay_type":2,"is_third_shipping":0,"extras":[{"reduce_fee":8.0,"act_detail_id":null,"remark":"满25.0元减8.0元。","type":2}],"app_order_code":"","wm_poi_name":"丽华快餐(圆明园)","wm_poi_address":"北京水磨西街66号,清华大学西门斜对面","wm_poi_phone":"4008800400","recipient_name":"袁京龙(先生)","recipient_phone":"18612690705","recipient_address":"金苹果幼儿园(正白旗路) (北京市海淀区上地正白旗村正白旗公寓附近成都美食旁路口往里有走左侧斜道看见第一个路口往右走看见第一个)","caution":"","shipper_phone":"","has_invoiced":0,"invoice_title":"","is_pre":0,"expect_deliver_time":0,"shipping_type":null,"detail":[{"food_discount":1.0,"quantity":3,"food_name":"冰露矿泉水","sku_id":"","app_food_code":"冰露矿泉水","unit":"瓶","box_num":0.0,"box_price":0.0,"price":2.0},{"food_discount":1.0,"quantity":1,"food_name":"20元特价套餐","sku_id":"","app_food_code":"20元特价套餐","unit":"份","box_num":1.0,"box_price":0.0,"price":20.0}],"avg_send_time":1913.0,"wm_order_id_view":4431761814289387,"original_price":32.0,"delivery_time":0,"day_seq":null,"utime":1456633219,"source_id":null,"wm_poi_id":443176,"latitude":40.020132,"longitude":116.310008,"app_poi_code":"lihua_poi_61","shipping_fee":6.0,"city_id":null,"remark":"","rider_fee":"","total":24.0,"status":2}]}
[ 2016-03-03T11:54:38+08:00 ]  
INFO: 开始美团网下载
[ 2016-03-03T11:54:38+08:00 ]  
INFO: 下载的url:http://waimaiopen.meituan.com/api/v1/order/getneworders?app_id=3&app_poi_code=lihua_poi_05&timestamp=1456977278&sig=b04f796146f484e0fbfe93ffd54e404e
[ 2016-03-03T11:54:38+08:00 ]  
INFO: 取订单返回的结果:{"data":[{"ctime":1456633219,"order_id":959605225,"pay_type":2,"is_third_shipping":0,"extras":[{"reduce_fee":8.0,"act_detail_id":null,"remark":"满25.0元减8.0元。","type":2}],"app_order_code":"","wm_poi_name":"丽华快餐(圆明园)","wm_poi_address":"北京水磨西街66号,清华大学西门斜对面","wm_poi_phone":"4008800400","recipient_name":"袁京龙(先生)","recipient_phone":"18612690705","recipient_address":"金苹果幼儿园(正白旗路) (北京市海淀区上地正白旗村正白旗公寓附近成都美食旁路口往里有走左侧斜道看见第一个路口往右走看见第一个)","caution":"","shipper_phone":"","has_invoiced":0,"invoice_title":"","is_pre":0,"expect_deliver_time":0,"shipping_type":null,"detail":[{"food_discount":1.0,"quantity":3,"food_name":"冰露矿泉水","sku_id":"","app_food_code":"冰露矿泉水","unit":"瓶","box_num":0.0,"box_price":0.0,"price":2.0},{"food_discount":1.0,"quantity":1,"food_name":"20元特价套餐","sku_id":"","app_food_code":"20元特价套餐","unit":"份","box_num":1.0,"box_price":0.0,"price":20.0}],"avg_send_time":1913.0,"wm_order_id_view":4431761814289387,"original_price":32.0,"delivery_time":0,"day_seq":null,"utime":1456633219,"source_id":null,"wm_poi_id":443176,"latitude":40.020132,"longitude":116.310008,"app_poi_code":"lihua_poi_61","shipping_fee":6.0,"city_id":null,"remark":"","rider_fee":"","total":24.0,"status":2}]}
[ 2016-03-03T11:56:02+08:00 ]  
INFO: 开始美团网下载
[ 2016-03-03T11:56:02+08:00 ]  
INFO: 下载的url:http://waimaiopen.meituan.com/api/v1/order/getneworders?app_id=3&app_poi_code=lihua_poi_05&timestamp=1456977362&sig=2a3a004c3e25b679e7ed56e4f84b1e85
[ 2016-03-03T11:56:02+08:00 ]  
INFO: 取订单返回的结果:{"data":[{"ctime":1456633219,"order_id":959605225,"pay_type":2,"is_third_shipping":0,"extras":[{"reduce_fee":8.0,"act_detail_id":null,"remark":"满25.0元减8.0元。","type":2}],"app_order_code":"","wm_poi_name":"丽华快餐(圆明园)","wm_poi_address":"北京水磨西街66号,清华大学西门斜对面","wm_poi_phone":"4008800400","recipient_name":"袁京龙(先生)","recipient_phone":"18612690705","recipient_address":"金苹果幼儿园(正白旗路) (北京市海淀区上地正白旗村正白旗公寓附近成都美食旁路口往里有走左侧斜道看见第一个路口往右走看见第一个)","caution":"","shipper_phone":"","has_invoiced":0,"invoice_title":"","is_pre":0,"expect_deliver_time":0,"shipping_type":null,"detail":[{"food_discount":1.0,"quantity":3,"food_name":"冰露矿泉水","sku_id":"","app_food_code":"冰露矿泉水","unit":"瓶","box_num":0.0,"box_price":0.0,"price":2.0},{"food_discount":1.0,"quantity":1,"food_name":"20元特价套餐","sku_id":"","app_food_code":"20元特价套餐","unit":"份","box_num":1.0,"box_price":0.0,"price":20.0}],"avg_send_time":1913.0,"wm_order_id_view":4431761814289387,"original_price":32.0,"delivery_time":0,"day_seq":null,"utime":1456633219,"source_id":null,"wm_poi_id":443176,"latitude":40.020132,"longitude":116.310008,"app_poi_code":"lihua_poi_61","shipping_fee":6.0,"city_id":null,"remark":"","rider_fee":"","total":24.0,"status":2}]}
[ 2016-03-03T11:56:31+08:00 ]  
INFO: 开始美团网下载
[ 2016-03-03T11:56:31+08:00 ]  
INFO: 下载的url:http://waimaiopen.meituan.com/api/v1/order/getneworders?app_id=3&app_poi_code=lihua_poi_05&timestamp=1456977391&sig=55e9b5ed4164ca44ea568237464e8f31
[ 2016-03-03T11:56:31+08:00 ]  
INFO: 取订单返回的结果:{"data":[{"ctime":1456633219,"order_id":959605225,"pay_type":2,"is_third_shipping":0,"extras":[{"reduce_fee":8.0,"act_detail_id":null,"remark":"满25.0元减8.0元。","type":2}],"app_order_code":"","wm_poi_name":"丽华快餐(圆明园)","wm_poi_address":"北京水磨西街66号,清华大学西门斜对面","wm_poi_phone":"4008800400","recipient_name":"袁京龙(先生)","recipient_phone":"18612690705","recipient_address":"金苹果幼儿园(正白旗路) (北京市海淀区上地正白旗村正白旗公寓附近成都美食旁路口往里有走左侧斜道看见第一个路口往右走看见第一个)","caution":"","shipper_phone":"","has_invoiced":0,"invoice_title":"","is_pre":0,"expect_deliver_time":0,"shipping_type":null,"detail":[{"food_discount":1.0,"quantity":3,"food_name":"冰露矿泉水","sku_id":"","app_food_code":"冰露矿泉水","unit":"瓶","box_num":0.0,"box_price":0.0,"price":2.0},{"food_discount":1.0,"quantity":1,"food_name":"20元特价套餐","sku_id":"","app_food_code":"20元特价套餐","unit":"份","box_num":1.0,"box_price":0.0,"price":20.0}],"avg_send_time":1913.0,"wm_order_id_view":4431761814289387,"original_price":32.0,"delivery_time":0,"day_seq":null,"utime":1456633219,"source_id":null,"wm_poi_id":443176,"latitude":40.020132,"longitude":116.310008,"app_poi_code":"lihua_poi_61","shipping_fee":6.0,"city_id":null,"remark":"","rider_fee":"","total":24.0,"status":2}]}
[ 2016-03-03T12:01:32+08:00 ]  
INFO: 开始美团网下载
[ 2016-03-03T12:01:32+08:00 ]  
INFO: 下载的url:http://waimaiopen.meituan.com/api/v1/order/getneworders?app_id=3&app_poi_code=lihua_poi_05&timestamp=1456977692&sig=1cfa89621301b5549fe3651df0a3b3ea
[ 2016-03-03T12:01:32+08:00 ]  
INFO: 取订单返回的结果:{"data":[{"ctime":1456633219,"order_id":959605225,"pay_type":2,"is_third_shipping":0,"extras":[{"reduce_fee":8.0,"act_detail_id":null,"remark":"满25.0元减8.0元。","type":2}],"app_order_code":"","wm_poi_name":"丽华快餐(圆明园)","wm_poi_address":"北京水磨西街66号,清华大学西门斜对面","wm_poi_phone":"4008800400","recipient_name":"袁京龙(先生)","recipient_phone":"18612690705","recipient_address":"金苹果幼儿园(正白旗路) (北京市海淀区上地正白旗村正白旗公寓附近成都美食旁路口往里有走左侧斜道看见第一个路口往右走看见第一个)","caution":"","shipper_phone":"","has_invoiced":0,"invoice_title":"","is_pre":0,"expect_deliver_time":0,"shipping_type":null,"detail":[{"food_discount":1.0,"quantity":3,"food_name":"冰露矿泉水","sku_id":"","app_food_code":"冰露矿泉水","unit":"瓶","box_num":0.0,"box_price":0.0,"price":2.0},{"food_discount":1.0,"quantity":1,"food_name":"20元特价套餐","sku_id":"","app_food_code":"20元特价套餐","unit":"份","box_num":1.0,"box_price":0.0,"price":20.0}],"avg_send_time":1913.0,"wm_order_id_view":4431761814289387,"original_price":32.0,"delivery_time":0,"day_seq":null,"utime":1456633219,"source_id":null,"wm_poi_id":443176,"latitude":40.020132,"longitude":116.310008,"app_poi_code":"lihua_poi_61","shipping_fee":6.0,"city_id":null,"remark":"","rider_fee":"","total":24.0,"status":2}]}
[ 2016-03-03T12:02:06+08:00 ]  
INFO: 开始美团网下载
[ 2016-03-03T12:02:06+08:00 ]  
INFO: 下载的url:http://waimaiopen.meituan.com/api/v1/order/getneworders?app_id=3&app_poi_code=lihua_poi_05&timestamp=1456977726&sig=7b847c75338f9429496dc431ae88d161
[ 2016-03-03T12:02:06+08:00 ]  
INFO: 取订单返回的结果:{"data":[{"ctime":1456633219,"order_id":959605225,"pay_type":2,"is_third_shipping":0,"extras":[{"reduce_fee":8.0,"act_detail_id":null,"remark":"满25.0元减8.0元。","type":2}],"app_order_code":"","wm_poi_name":"丽华快餐(圆明园)","wm_poi_address":"北京水磨西街66号,清华大学西门斜对面","wm_poi_phone":"4008800400","recipient_name":"袁京龙(先生)","recipient_phone":"18612690705","recipient_address":"金苹果幼儿园(正白旗路) (北京市海淀区上地正白旗村正白旗公寓附近成都美食旁路口往里有走左侧斜道看见第一个路口往右走看见第一个)","caution":"","shipper_phone":"","has_invoiced":0,"invoice_title":"","is_pre":0,"expect_deliver_time":0,"shipping_type":null,"detail":[{"food_discount":1.0,"quantity":3,"food_name":"冰露矿泉水","sku_id":"","app_food_code":"冰露矿泉水","unit":"瓶","box_num":0.0,"box_price":0.0,"price":2.0},{"food_discount":1.0,"quantity":1,"food_name":"20元特价套餐","sku_id":"","app_food_code":"20元特价套餐","unit":"份","box_num":1.0,"box_price":0.0,"price":20.0}],"avg_send_time":1913.0,"wm_order_id_view":4431761814289387,"original_price":32.0,"delivery_time":0,"day_seq":null,"utime":1456633219,"source_id":null,"wm_poi_id":443176,"latitude":40.020132,"longitude":116.310008,"app_poi_code":"lihua_poi_61","shipping_fee":6.0,"city_id":null,"remark":"","rider_fee":"","total":24.0,"status":2}]}
[ 2016-03-03T12:05:46+08:00 ]  
INFO: 开始美团网下载
[ 2016-03-03T12:05:46+08:00 ]  
INFO: 下载的url:http://waimaiopen.meituan.com/api/v1/order/getneworders?app_id=3&app_poi_code=lihua_poi_05&timestamp=1456977946&sig=3155d7c101a1f08555ecb32c38e44a55
[ 2016-03-03T12:05:46+08:00 ]  
INFO: 取订单返回的结果:{"data":[{"ctime":1456633219,"order_id":959605225,"pay_type":2,"is_third_shipping":0,"extras":[{"reduce_fee":8.0,"act_detail_id":null,"remark":"满25.0元减8.0元。","type":2}],"app_order_code":"","wm_poi_name":"丽华快餐(圆明园)","wm_poi_address":"北京水磨西街66号,清华大学西门斜对面","wm_poi_phone":"4008800400","recipient_name":"袁京龙(先生)","recipient_phone":"18612690705","recipient_address":"金苹果幼儿园(正白旗路) (北京市海淀区上地正白旗村正白旗公寓附近成都美食旁路口往里有走左侧斜道看见第一个路口往右走看见第一个)","caution":"","shipper_phone":"","has_invoiced":0,"invoice_title":"","is_pre":0,"expect_deliver_time":0,"shipping_type":null,"detail":[{"food_discount":1.0,"quantity":3,"food_name":"冰露矿泉水","sku_id":"","app_food_code":"冰露矿泉水","unit":"瓶","box_num":0.0,"box_price":0.0,"price":2.0},{"food_discount":1.0,"quantity":1,"food_name":"20元特价套餐","sku_id":"","app_food_code":"20元特价套餐","unit":"份","box_num":1.0,"box_price":0.0,"price":20.0}],"avg_send_time":1913.0,"wm_order_id_view":4431761814289387,"original_price":32.0,"delivery_time":0,"day_seq":null,"utime":1456633219,"source_id":null,"wm_poi_id":443176,"latitude":40.020132,"longitude":116.310008,"app_poi_code":"lihua_poi_61","shipping_fee":6.0,"city_id":null,"remark":"","rider_fee":"","total":24.0,"status":2}]}
[ 2016-03-03T12:14:11+08:00 ]  
INFO: 开始美团网下载
[ 2016-03-03T12:14:11+08:00 ]  
INFO: 下载的url:http://waimaiopen.meituan.com/api/v1/order/getneworders?app_id=3&app_poi_code=lihua_poi_05&timestamp=1456978451&sig=1af93bff78d613a49a055e1a42a04001
[ 2016-03-03T12:14:11+08:00 ]  
INFO: 取订单返回的结果:{"data":[{"ctime":1456633219,"order_id":959605225,"pay_type":2,"is_third_shipping":0,"extras":[{"reduce_fee":8.0,"act_detail_id":null,"remark":"满25.0元减8.0元。","type":2}],"app_order_code":"","wm_poi_name":"丽华快餐(圆明园)","wm_poi_address":"北京水磨西街66号,清华大学西门斜对面","wm_poi_phone":"4008800400","recipient_name":"袁京龙(先生)","recipient_phone":"18612690705","recipient_address":"金苹果幼儿园(正白旗路) (北京市海淀区上地正白旗村正白旗公寓附近成都美食旁路口往里有走左侧斜道看见第一个路口往右走看见第一个)","caution":"","shipper_phone":"","has_invoiced":0,"invoice_title":"","is_pre":0,"expect_deliver_time":0,"shipping_type":null,"detail":[{"food_discount":1.0,"quantity":3,"food_name":"冰露矿泉水","sku_id":"","app_food_code":"冰露矿泉水","unit":"瓶","box_num":0.0,"box_price":0.0,"price":2.0},{"food_discount":1.0,"quantity":1,"food_name":"20元特价套餐","sku_id":"","app_food_code":"20元特价套餐","unit":"份","box_num":1.0,"box_price":0.0,"price":20.0}],"avg_send_time":1913.0,"wm_order_id_view":4431761814289387,"original_price":32.0,"delivery_time":0,"day_seq":null,"utime":1456633219,"source_id":null,"wm_poi_id":443176,"latitude":40.020132,"longitude":116.310008,"app_poi_code":"lihua_poi_61","shipping_fee":6.0,"city_id":null,"remark":"","rider_fee":"","total":24.0,"status":2}]}
[ 2016-03-03T12:14:56+08:00 ]  
INFO: 开始美团网下载
[ 2016-03-03T12:14:56+08:00 ]  
INFO: 下载的url:http://waimaiopen.meituan.com/api/v1/order/getneworders?app_id=3&app_poi_code=lihua_poi_05&timestamp=1456978496&sig=b4bfc0584abb8070a4f795c30adae60c
[ 2016-03-03T12:14:56+08:00 ]  
INFO: 取订单返回的结果:{"data":[{"ctime":1456633219,"order_id":959605225,"pay_type":2,"is_third_shipping":0,"extras":[{"reduce_fee":8.0,"act_detail_id":null,"remark":"满25.0元减8.0元。","type":2}],"app_order_code":"","wm_poi_name":"丽华快餐(圆明园)","wm_poi_address":"北京水磨西街66号,清华大学西门斜对面","wm_poi_phone":"4008800400","recipient_name":"袁京龙(先生)","recipient_phone":"18612690705","recipient_address":"金苹果幼儿园(正白旗路) (北京市海淀区上地正白旗村正白旗公寓附近成都美食旁路口往里有走左侧斜道看见第一个路口往右走看见第一个)","caution":"","shipper_phone":"","has_invoiced":0,"invoice_title":"","is_pre":0,"expect_deliver_time":0,"shipping_type":null,"detail":[{"food_discount":1.0,"quantity":3,"food_name":"冰露矿泉水","sku_id":"","app_food_code":"冰露矿泉水","unit":"瓶","box_num":0.0,"box_price":0.0,"price":2.0},{"food_discount":1.0,"quantity":1,"food_name":"20元特价套餐","sku_id":"","app_food_code":"20元特价套餐","unit":"份","box_num":1.0,"box_price":0.0,"price":20.0}],"avg_send_time":1913.0,"wm_order_id_view":4431761814289387,"original_price":32.0,"delivery_time":0,"day_seq":null,"utime":1456633219,"source_id":null,"wm_poi_id":443176,"latitude":40.020132,"longitude":116.310008,"app_poi_code":"lihua_poi_61","shipping_fee":6.0,"city_id":null,"remark":"","rider_fee":"","total":24.0,"status":2}]}
[ 2016-03-03T12:16:23+08:00 ]  
INFO: 开始美团网下载
[ 2016-03-03T12:16:23+08:00 ]  
INFO: 下载的url:http://waimaiopen.meituan.com/api/v1/order/getneworders?app_id=3&app_poi_code=lihua_poi_05&timestamp=1456978583&sig=6fa66344327d0dd8747db2a615ef6268
[ 2016-03-03T12:16:23+08:00 ]  
INFO: 取订单返回的结果:{"data":[{"ctime":1456633219,"order_id":959605225,"pay_type":2,"is_third_shipping":0,"extras":[{"reduce_fee":8.0,"act_detail_id":null,"remark":"满25.0元减8.0元。","type":2}],"app_order_code":"","wm_poi_name":"丽华快餐(圆明园)","wm_poi_address":"北京水磨西街66号,清华大学西门斜对面","wm_poi_phone":"4008800400","recipient_name":"袁京龙(先生)","recipient_phone":"18612690705","recipient_address":"金苹果幼儿园(正白旗路) (北京市海淀区上地正白旗村正白旗公寓附近成都美食旁路口往里有走左侧斜道看见第一个路口往右走看见第一个)","caution":"","shipper_phone":"","has_invoiced":0,"invoice_title":"","is_pre":0,"expect_deliver_time":0,"shipping_type":null,"detail":[{"food_discount":1.0,"quantity":3,"food_name":"冰露矿泉水","sku_id":"","app_food_code":"冰露矿泉水","unit":"瓶","box_num":0.0,"box_price":0.0,"price":2.0},{"food_discount":1.0,"quantity":1,"food_name":"20元特价套餐","sku_id":"","app_food_code":"20元特价套餐","unit":"份","box_num":1.0,"box_price":0.0,"price":20.0}],"avg_send_time":1913.0,"wm_order_id_view":4431761814289387,"original_price":32.0,"delivery_time":0,"day_seq":null,"utime":1456633219,"source_id":null,"wm_poi_id":443176,"latitude":40.020132,"longitude":116.310008,"app_poi_code":"lihua_poi_61","shipping_fee":6.0,"city_id":null,"remark":"","rider_fee":"","total":24.0,"status":2}]}
[ 2016-03-03T12:17:00+08:00 ]  
INFO: 开始美团网下载
[ 2016-03-03T12:17:00+08:00 ]  
INFO: 下载的url:http://waimaiopen.meituan.com/api/v1/order/getneworders?app_id=3&app_poi_code=lihua_poi_05&timestamp=1456978620&sig=8ae3e8029858ab4db991944128810da7
[ 2016-03-03T12:17:00+08:00 ]  
INFO: 取订单返回的结果:{"data":[{"ctime":1456633219,"order_id":959605225,"pay_type":2,"is_third_shipping":0,"extras":[{"reduce_fee":8.0,"act_detail_id":null,"remark":"满25.0元减8.0元。","type":2}],"app_order_code":"","wm_poi_name":"丽华快餐(圆明园)","wm_poi_address":"北京水磨西街66号,清华大学西门斜对面","wm_poi_phone":"4008800400","recipient_name":"袁京龙(先生)","recipient_phone":"18612690705","recipient_address":"金苹果幼儿园(正白旗路) (北京市海淀区上地正白旗村正白旗公寓附近成都美食旁路口往里有走左侧斜道看见第一个路口往右走看见第一个)","caution":"","shipper_phone":"","has_invoiced":0,"invoice_title":"","is_pre":0,"expect_deliver_time":0,"shipping_type":null,"detail":[{"food_discount":1.0,"quantity":3,"food_name":"冰露矿泉水","sku_id":"","app_food_code":"冰露矿泉水","unit":"瓶","box_num":0.0,"box_price":0.0,"price":2.0},{"food_discount":1.0,"quantity":1,"food_name":"20元特价套餐","sku_id":"","app_food_code":"20元特价套餐","unit":"份","box_num":1.0,"box_price":0.0,"price":20.0}],"avg_send_time":1913.0,"wm_order_id_view":4431761814289387,"original_price":32.0,"delivery_time":0,"day_seq":null,"utime":1456633219,"source_id":null,"wm_poi_id":443176,"latitude":40.020132,"longitude":116.310008,"app_poi_code":"lihua_poi_61","shipping_fee":6.0,"city_id":null,"remark":"","rider_fee":"","total":24.0,"status":2}]}
[ 2016-03-03T12:19:02+08:00 ]  
INFO: 开始美团网下载
[ 2016-03-03T12:19:02+08:00 ]  
INFO: 下载的url:http://waimaiopen.meituan.com/api/v1/order/getneworders?app_id=3&app_poi_code=lihua_poi_05&timestamp=1456978742&sig=7836cc677318b7a0f05ed03ba06843b7
[ 2016-03-03T12:19:02+08:00 ]  
INFO: 取订单返回的结果:{"data":[{"ctime":1456633219,"order_id":959605225,"pay_type":2,"is_third_shipping":0,"extras":[{"reduce_fee":8.0,"act_detail_id":null,"remark":"满25.0元减8.0元。","type":2}],"app_order_code":"","wm_poi_name":"丽华快餐(圆明园)","wm_poi_address":"北京水磨西街66号,清华大学西门斜对面","wm_poi_phone":"4008800400","recipient_name":"袁京龙(先生)","recipient_phone":"18612690705","recipient_address":"金苹果幼儿园(正白旗路) (北京市海淀区上地正白旗村正白旗公寓附近成都美食旁路口往里有走左侧斜道看见第一个路口往右走看见第一个)","caution":"","shipper_phone":"","has_invoiced":0,"invoice_title":"","is_pre":0,"expect_deliver_time":0,"shipping_type":null,"detail":[{"food_discount":1.0,"quantity":3,"food_name":"冰露矿泉水","sku_id":"","app_food_code":"冰露矿泉水","unit":"瓶","box_num":0.0,"box_price":0.0,"price":2.0},{"food_discount":1.0,"quantity":1,"food_name":"20元特价套餐","sku_id":"","app_food_code":"20元特价套餐","unit":"份","box_num":1.0,"box_price":0.0,"price":20.0}],"avg_send_time":1913.0,"wm_order_id_view":4431761814289387,"original_price":32.0,"delivery_time":0,"day_seq":null,"utime":1456633219,"source_id":null,"wm_poi_id":443176,"latitude":40.020132,"longitude":116.310008,"app_poi_code":"lihua_poi_61","shipping_fee":6.0,"city_id":null,"remark":"","rider_fee":"","total":24.0,"status":2}]}
[ 2016-03-03T12:19:22+08:00 ]  
INFO: 开始美团网下载
[ 2016-03-03T12:19:22+08:00 ]  
INFO: 下载的url:http://waimaiopen.meituan.com/api/v1/order/getneworders?app_id=3&app_poi_code=lihua_poi_05&timestamp=1456978762&sig=60109177d51e643f173db6a3977c843c
[ 2016-03-03T12:19:22+08:00 ]  
INFO: 取订单返回的结果:{"data":[{"ctime":1456633219,"order_id":959605225,"pay_type":2,"is_third_shipping":0,"extras":[{"reduce_fee":8.0,"act_detail_id":null,"remark":"满25.0元减8.0元。","type":2}],"app_order_code":"","wm_poi_name":"丽华快餐(圆明园)","wm_poi_address":"北京水磨西街66号,清华大学西门斜对面","wm_poi_phone":"4008800400","recipient_name":"袁京龙(先生)","recipient_phone":"18612690705","recipient_address":"金苹果幼儿园(正白旗路) (北京市海淀区上地正白旗村正白旗公寓附近成都美食旁路口往里有走左侧斜道看见第一个路口往右走看见第一个)","caution":"","shipper_phone":"","has_invoiced":0,"invoice_title":"","is_pre":0,"expect_deliver_time":0,"shipping_type":null,"detail":[{"food_discount":1.0,"quantity":3,"food_name":"冰露矿泉水","sku_id":"","app_food_code":"冰露矿泉水","unit":"瓶","box_num":0.0,"box_price":0.0,"price":2.0},{"food_discount":1.0,"quantity":1,"food_name":"20元特价套餐","sku_id":"","app_food_code":"20元特价套餐","unit":"份","box_num":1.0,"box_price":0.0,"price":20.0}],"avg_send_time":1913.0,"wm_order_id_view":4431761814289387,"original_price":32.0,"delivery_time":0,"day_seq":null,"utime":1456633219,"source_id":null,"wm_poi_id":443176,"latitude":40.020132,"longitude":116.310008,"app_poi_code":"lihua_poi_61","shipping_fee":6.0,"city_id":null,"remark":"","rider_fee":"","total":24.0,"status":2}]}
[ 2016-03-03T12:22:13+08:00 ]  
INFO: 开始美团网下载
[ 2016-03-03T12:22:13+08:00 ]  
INFO: 下载的url:http://waimaiopen.meituan.com/api/v1/order/getneworders?app_id=3&app_poi_code=lihua_poi_05&timestamp=1456978933&sig=51ec0e630938f3e641be75418ef4d236
[ 2016-03-03T12:22:13+08:00 ]  
INFO: 取订单返回的结果:{"data":[{"ctime":1456633219,"order_id":959605225,"pay_type":2,"is_third_shipping":0,"extras":[{"reduce_fee":8.0,"act_detail_id":null,"remark":"满25.0元减8.0元。","type":2}],"app_order_code":"","wm_poi_name":"丽华快餐(圆明园)","wm_poi_address":"北京水磨西街66号,清华大学西门斜对面","wm_poi_phone":"4008800400","recipient_name":"袁京龙(先生)","recipient_phone":"18612690705","recipient_address":"金苹果幼儿园(正白旗路) (北京市海淀区上地正白旗村正白旗公寓附近成都美食旁路口往里有走左侧斜道看见第一个路口往右走看见第一个)","caution":"","shipper_phone":"","has_invoiced":0,"invoice_title":"","is_pre":0,"expect_deliver_time":0,"shipping_type":null,"detail":[{"food_discount":1.0,"quantity":3,"food_name":"冰露矿泉水","sku_id":"","app_food_code":"冰露矿泉水","unit":"瓶","box_num":0.0,"box_price":0.0,"price":2.0},{"food_discount":1.0,"quantity":1,"food_name":"20元特价套餐","sku_id":"","app_food_code":"20元特价套餐","unit":"份","box_num":1.0,"box_price":0.0,"price":20.0}],"avg_send_time":1913.0,"wm_order_id_view":4431761814289387,"original_price":32.0,"delivery_time":0,"day_seq":null,"utime":1456633219,"source_id":null,"wm_poi_id":443176,"latitude":40.020132,"longitude":116.310008,"app_poi_code":"lihua_poi_61","shipping_fee":6.0,"city_id":null,"remark":"","rider_fee":"","total":24.0,"status":2}]}
[ 2016-03-03T12:25:18+08:00 ]  
INFO: 开始美团网下载
[ 2016-03-03T12:25:18+08:00 ]  
INFO: 下载的url:http://waimaiopen.meituan.com/api/v1/order/getneworders?app_id=3&app_poi_code=lihua_poi_05&timestamp=1456979118&sig=12b749ddba5d39eb2aa404f26838ef85
[ 2016-03-03T12:25:18+08:00 ]  
INFO: 取订单返回的结果:{"data":[{"ctime":1456633219,"order_id":959605225,"pay_type":2,"is_third_shipping":0,"extras":[{"reduce_fee":8.0,"act_detail_id":null,"remark":"满25.0元减8.0元。","type":2}],"app_order_code":"","wm_poi_name":"丽华快餐(圆明园)","wm_poi_address":"北京水磨西街66号,清华大学西门斜对面","wm_poi_phone":"4008800400","recipient_name":"袁京龙(先生)","recipient_phone":"18612690705","recipient_address":"金苹果幼儿园(正白旗路) (北京市海淀区上地正白旗村正白旗公寓附近成都美食旁路口往里有走左侧斜道看见第一个路口往右走看见第一个)","caution":"","shipper_phone":"","has_invoiced":0,"invoice_title":"","is_pre":0,"expect_deliver_time":0,"shipping_type":null,"detail":[{"food_discount":1.0,"quantity":3,"food_name":"冰露矿泉水","sku_id":"","app_food_code":"冰露矿泉水","unit":"瓶","box_num":0.0,"box_price":0.0,"price":2.0},{"food_discount":1.0,"quantity":1,"food_name":"20元特价套餐","sku_id":"","app_food_code":"20元特价套餐","unit":"份","box_num":1.0,"box_price":0.0,"price":20.0}],"avg_send_time":1913.0,"wm_order_id_view":4431761814289387,"original_price":32.0,"delivery_time":0,"day_seq":null,"utime":1456633219,"source_id":null,"wm_poi_id":443176,"latitude":40.020132,"longitude":116.310008,"app_poi_code":"lihua_poi_61","shipping_fee":6.0,"city_id":null,"remark":"","rider_fee":"","total":24.0,"status":2}]}
[ 2016-03-03T12:31:38+08:00 ]  
INFO: 开始美团网下载
[ 2016-03-03T12:31:38+08:00 ]  
INFO: 下载的url:http://waimaiopen.meituan.com/api/v1/order/getneworders?app_id=3&app_poi_code=lihua_poi_05&timestamp=1456979498&sig=9f3eebd823145b16ce5b04f2a76d3403
[ 2016-03-03T12:31:38+08:00 ]  
INFO: 取订单返回的结果:{"data":[{"ctime":1456633219,"order_id":959605225,"pay_type":2,"is_third_shipping":0,"extras":[{"reduce_fee":8.0,"act_detail_id":null,"remark":"满25.0元减8.0元。","type":2}],"app_order_code":"","wm_poi_name":"丽华快餐(圆明园)","wm_poi_address":"北京水磨西街66号,清华大学西门斜对面","wm_poi_phone":"4008800400","recipient_name":"袁京龙(先生)","recipient_phone":"18612690705","recipient_address":"金苹果幼儿园(正白旗路) (北京市海淀区上地正白旗村正白旗公寓附近成都美食旁路口往里有走左侧斜道看见第一个路口往右走看见第一个)","caution":"","shipper_phone":"","has_invoiced":0,"invoice_title":"","is_pre":0,"expect_deliver_time":0,"shipping_type":null,"detail":[{"food_discount":1.0,"quantity":3,"food_name":"冰露矿泉水","sku_id":"","app_food_code":"冰露矿泉水","unit":"瓶","box_num":0.0,"box_price":0.0,"price":2.0},{"food_discount":1.0,"quantity":1,"food_name":"20元特价套餐","sku_id":"","app_food_code":"20元特价套餐","unit":"份","box_num":1.0,"box_price":0.0,"price":20.0}],"avg_send_time":1913.0,"wm_order_id_view":4431761814289387,"original_price":32.0,"delivery_time":0,"day_seq":null,"utime":1456633219,"source_id":null,"wm_poi_id":443176,"latitude":40.020132,"longitude":116.310008,"app_poi_code":"lihua_poi_61","shipping_fee":6.0,"city_id":null,"remark":"","rider_fee":"","total":24.0,"status":2}]}
[ 2016-03-03T12:33:58+08:00 ]  
INFO: 开始美团网下载
[ 2016-03-03T12:33:58+08:00 ]  
INFO: 下载的url:http://waimaiopen.meituan.com/api/v1/order/getneworders?app_id=3&app_poi_code=lihua_poi_05&timestamp=1456979638&sig=901ec8fac03534449687d3c15285c2a4
[ 2016-03-03T12:33:58+08:00 ]  
INFO: 取订单返回的结果:{"data":[{"ctime":1456633219,"order_id":959605225,"pay_type":2,"is_third_shipping":0,"extras":[{"reduce_fee":8.0,"act_detail_id":null,"remark":"满25.0元减8.0元。","type":2}],"app_order_code":"","wm_poi_name":"丽华快餐(圆明园)","wm_poi_address":"北京水磨西街66号,清华大学西门斜对面","wm_poi_phone":"4008800400","recipient_name":"袁京龙(先生)","recipient_phone":"18612690705","recipient_address":"金苹果幼儿园(正白旗路) (北京市海淀区上地正白旗村正白旗公寓附近成都美食旁路口往里有走左侧斜道看见第一个路口往右走看见第一个)","caution":"","shipper_phone":"","has_invoiced":0,"invoice_title":"","is_pre":0,"expect_deliver_time":0,"shipping_type":null,"detail":[{"food_discount":1.0,"quantity":3,"food_name":"冰露矿泉水","sku_id":"","app_food_code":"冰露矿泉水","unit":"瓶","box_num":0.0,"box_price":0.0,"price":2.0},{"food_discount":1.0,"quantity":1,"food_name":"20元特价套餐","sku_id":"","app_food_code":"20元特价套餐","unit":"份","box_num":1.0,"box_price":0.0,"price":20.0}],"avg_send_time":1913.0,"wm_order_id_view":4431761814289387,"original_price":32.0,"delivery_time":0,"day_seq":null,"utime":1456633219,"source_id":null,"wm_poi_id":443176,"latitude":40.020132,"longitude":116.310008,"app_poi_code":"lihua_poi_61","shipping_fee":6.0,"city_id":null,"remark":"","rider_fee":"","total":24.0,"status":2}]}
[ 2016-03-03T12:34:24+08:00 ]  
INFO: 开始美团网下载
[ 2016-03-03T12:34:24+08:00 ]  
INFO: 下载的url:http://waimaiopen.meituan.com/api/v1/order/getneworders?app_id=3&app_poi_code=lihua_poi_05&timestamp=1456979664&sig=5a3f1a0f15c596ad34d3f575a5a283a9
[ 2016-03-03T12:34:24+08:00 ]  
INFO: 取订单返回的结果:{"data":[{"ctime":1456633219,"order_id":959605225,"pay_type":2,"is_third_shipping":0,"extras":[{"reduce_fee":8.0,"act_detail_id":null,"remark":"满25.0元减8.0元。","type":2}],"app_order_code":"","wm_poi_name":"丽华快餐(圆明园)","wm_poi_address":"北京水磨西街66号,清华大学西门斜对面","wm_poi_phone":"4008800400","recipient_name":"袁京龙(先生)","recipient_phone":"18612690705","recipient_address":"金苹果幼儿园(正白旗路) (北京市海淀区上地正白旗村正白旗公寓附近成都美食旁路口往里有走左侧斜道看见第一个路口往右走看见第一个)","caution":"","shipper_phone":"","has_invoiced":0,"invoice_title":"","is_pre":0,"expect_deliver_time":0,"shipping_type":null,"detail":[{"food_discount":1.0,"quantity":3,"food_name":"冰露矿泉水","sku_id":"","app_food_code":"冰露矿泉水","unit":"瓶","box_num":0.0,"box_price":0.0,"price":2.0},{"food_discount":1.0,"quantity":1,"food_name":"20元特价套餐","sku_id":"","app_food_code":"20元特价套餐","unit":"份","box_num":1.0,"box_price":0.0,"price":20.0}],"avg_send_time":1913.0,"wm_order_id_view":4431761814289387,"original_price":32.0,"delivery_time":0,"day_seq":null,"utime":1456633219,"source_id":null,"wm_poi_id":443176,"latitude":40.020132,"longitude":116.310008,"app_poi_code":"lihua_poi_61","shipping_fee":6.0,"city_id":null,"remark":"","rider_fee":"","total":24.0,"status":2}]}
[ 2016-03-03T12:35:44+08:00 ]  
INFO: 开始美团网下载
[ 2016-03-03T12:35:44+08:00 ]  
INFO: 下载的url:http://waimaiopen.meituan.com/api/v1/order/getneworders?app_id=3&app_poi_code=lihua_poi_05&timestamp=1456979744&sig=1e459fd604e9c976e59dd4d5ba8bd133
[ 2016-03-03T12:35:44+08:00 ]  
INFO: 取订单返回的结果:{"data":[{"ctime":1456633219,"order_id":959605225,"pay_type":2,"is_third_shipping":0,"extras":[{"reduce_fee":8.0,"act_detail_id":null,"remark":"满25.0元减8.0元。","type":2}],"app_order_code":"","wm_poi_name":"丽华快餐(圆明园)","wm_poi_address":"北京水磨西街66号,清华大学西门斜对面","wm_poi_phone":"4008800400","recipient_name":"袁京龙(先生)","recipient_phone":"18612690705","recipient_address":"金苹果幼儿园(正白旗路) (北京市海淀区上地正白旗村正白旗公寓附近成都美食旁路口往里有走左侧斜道看见第一个路口往右走看见第一个)","caution":"","shipper_phone":"","has_invoiced":0,"invoice_title":"","is_pre":0,"expect_deliver_time":0,"shipping_type":null,"detail":[{"food_discount":1.0,"quantity":3,"food_name":"冰露矿泉水","sku_id":"","app_food_code":"冰露矿泉水","unit":"瓶","box_num":0.0,"box_price":0.0,"price":2.0},{"food_discount":1.0,"quantity":1,"food_name":"20元特价套餐","sku_id":"","app_food_code":"20元特价套餐","unit":"份","box_num":1.0,"box_price":0.0,"price":20.0}],"avg_send_time":1913.0,"wm_order_id_view":4431761814289387,"original_price":32.0,"delivery_time":0,"day_seq":null,"utime":1456633219,"source_id":null,"wm_poi_id":443176,"latitude":40.020132,"longitude":116.310008,"app_poi_code":"lihua_poi_61","shipping_fee":6.0,"city_id":null,"remark":"","rider_fee":"","total":24.0,"status":2}]}
[ 2016-03-03T12:45:22+08:00 ]  
INFO: 开始美团网下载
[ 2016-03-03T12:45:22+08:00 ]  
INFO: 下载的url:http://waimaiopen.meituan.com/api/v1/order/getneworders?app_id=3&app_poi_code=lihua_poi_05&timestamp=1456980322&sig=e35aac7dddd4e28bd97a2199f089faa6
[ 2016-03-03T12:45:22+08:00 ]  
INFO: 取订单返回的结果:{"data":[{"ctime":1456633219,"order_id":959605225,"pay_type":2,"is_third_shipping":0,"extras":[{"reduce_fee":8.0,"act_detail_id":null,"remark":"满25.0元减8.0元。","type":2}],"app_order_code":"","wm_poi_name":"丽华快餐(圆明园)","wm_poi_address":"北京水磨西街66号,清华大学西门斜对面","wm_poi_phone":"4008800400","recipient_name":"袁京龙(先生)","recipient_phone":"18612690705","recipient_address":"金苹果幼儿园(正白旗路) (北京市海淀区上地正白旗村正白旗公寓附近成都美食旁路口往里有走左侧斜道看见第一个路口往右走看见第一个)","caution":"","shipper_phone":"","has_invoiced":0,"invoice_title":"","is_pre":0,"expect_deliver_time":0,"shipping_type":null,"detail":[{"food_discount":1.0,"quantity":3,"food_name":"冰露矿泉水","sku_id":"","app_food_code":"冰露矿泉水","unit":"瓶","box_num":0.0,"box_price":0.0,"price":2.0},{"food_discount":1.0,"quantity":1,"food_name":"20元特价套餐","sku_id":"","app_food_code":"20元特价套餐","unit":"份","box_num":1.0,"box_price":0.0,"price":20.0}],"avg_send_time":1913.0,"wm_order_id_view":4431761814289387,"original_price":32.0,"delivery_time":0,"day_seq":null,"utime":1456633219,"source_id":null,"wm_poi_id":443176,"latitude":40.020132,"longitude":116.310008,"app_poi_code":"lihua_poi_61","shipping_fee":6.0,"city_id":null,"remark":"","rider_fee":"","total":24.0,"status":2}]}
[ 2016-03-03T12:47:08+08:00 ]  
INFO: 开始美团网下载
[ 2016-03-03T12:47:08+08:00 ]  
INFO: 下载的url:http://waimaiopen.meituan.com/api/v1/order/getneworders?app_id=3&app_poi_code=lihua_poi_05&timestamp=1456980428&sig=ebd827bc2b7aac2364b617f7c7695f2a
[ 2016-03-03T12:47:08+08:00 ]  
INFO: 取订单返回的结果:{"data":[{"ctime":1456633219,"order_id":959605225,"pay_type":2,"is_third_shipping":0,"extras":[{"reduce_fee":8.0,"act_detail_id":null,"remark":"满25.0元减8.0元。","type":2}],"app_order_code":"","wm_poi_name":"丽华快餐(圆明园)","wm_poi_address":"北京水磨西街66号,清华大学西门斜对面","wm_poi_phone":"4008800400","recipient_name":"袁京龙(先生)","recipient_phone":"18612690705","recipient_address":"金苹果幼儿园(正白旗路) (北京市海淀区上地正白旗村正白旗公寓附近成都美食旁路口往里有走左侧斜道看见第一个路口往右走看见第一个)","caution":"","shipper_phone":"","has_invoiced":0,"invoice_title":"","is_pre":0,"expect_deliver_time":0,"shipping_type":null,"detail":[{"food_discount":1.0,"quantity":3,"food_name":"冰露矿泉水","sku_id":"","app_food_code":"冰露矿泉水","unit":"瓶","box_num":0.0,"box_price":0.0,"price":2.0},{"food_discount":1.0,"quantity":1,"food_name":"20元特价套餐","sku_id":"","app_food_code":"20元特价套餐","unit":"份","box_num":1.0,"box_price":0.0,"price":20.0}],"avg_send_time":1913.0,"wm_order_id_view":4431761814289387,"original_price":32.0,"delivery_time":0,"day_seq":null,"utime":1456633219,"source_id":null,"wm_poi_id":443176,"latitude":40.020132,"longitude":116.310008,"app_poi_code":"lihua_poi_61","shipping_fee":6.0,"city_id":null,"remark":"","rider_fee":"","total":24.0,"status":2}]}
[ 2016-03-03T12:48:08+08:00 ]  
INFO: 开始美团网下载
[ 2016-03-03T12:48:08+08:00 ]  
INFO: 下载的url:http://waimaiopen.meituan.com/api/v1/order/getneworders?app_id=3&app_poi_code=lihua_poi_05&timestamp=1456980488&sig=10cf2582f6bd25d5da60000ecaf3f982
[ 2016-03-03T12:48:08+08:00 ]  
INFO: 取订单返回的结果:{"data":[{"ctime":1456633219,"order_id":959605225,"pay_type":2,"is_third_shipping":0,"extras":[{"reduce_fee":8.0,"act_detail_id":null,"remark":"满25.0元减8.0元。","type":2}],"app_order_code":"","wm_poi_name":"丽华快餐(圆明园)","wm_poi_address":"北京水磨西街66号,清华大学西门斜对面","wm_poi_phone":"4008800400","recipient_name":"袁京龙(先生)","recipient_phone":"18612690705","recipient_address":"金苹果幼儿园(正白旗路) (北京市海淀区上地正白旗村正白旗公寓附近成都美食旁路口往里有走左侧斜道看见第一个路口往右走看见第一个)","caution":"","shipper_phone":"","has_invoiced":0,"invoice_title":"","is_pre":0,"expect_deliver_time":0,"shipping_type":null,"detail":[{"food_discount":1.0,"quantity":3,"food_name":"冰露矿泉水","sku_id":"","app_food_code":"冰露矿泉水","unit":"瓶","box_num":0.0,"box_price":0.0,"price":2.0},{"food_discount":1.0,"quantity":1,"food_name":"20元特价套餐","sku_id":"","app_food_code":"20元特价套餐","unit":"份","box_num":1.0,"box_price":0.0,"price":20.0}],"avg_send_time":1913.0,"wm_order_id_view":4431761814289387,"original_price":32.0,"delivery_time":0,"day_seq":null,"utime":1456633219,"source_id":null,"wm_poi_id":443176,"latitude":40.020132,"longitude":116.310008,"app_poi_code":"lihua_poi_61","shipping_fee":6.0,"city_id":null,"remark":"","rider_fee":"","total":24.0,"status":2}]}
[ 2016-03-03T12:48:38+08:00 ]  
INFO: 开始美团网下载
[ 2016-03-03T12:48:38+08:00 ]  
INFO: 下载的url:http://waimaiopen.meituan.com/api/v1/order/getneworders?app_id=3&app_poi_code=lihua_poi_05&timestamp=1456980518&sig=6c6d7c7c07883c0327f46ad99fc3169f
[ 2016-03-03T12:48:38+08:00 ]  
INFO: 取订单返回的结果:{"data":[{"ctime":1456633219,"order_id":959605225,"pay_type":2,"is_third_shipping":0,"extras":[{"reduce_fee":8.0,"act_detail_id":null,"remark":"满25.0元减8.0元。","type":2}],"app_order_code":"","wm_poi_name":"丽华快餐(圆明园)","wm_poi_address":"北京水磨西街66号,清华大学西门斜对面","wm_poi_phone":"4008800400","recipient_name":"袁京龙(先生)","recipient_phone":"18612690705","recipient_address":"金苹果幼儿园(正白旗路) (北京市海淀区上地正白旗村正白旗公寓附近成都美食旁路口往里有走左侧斜道看见第一个路口往右走看见第一个)","caution":"","shipper_phone":"","has_invoiced":0,"invoice_title":"","is_pre":0,"expect_deliver_time":0,"shipping_type":null,"detail":[{"food_discount":1.0,"quantity":3,"food_name":"冰露矿泉水","sku_id":"","app_food_code":"冰露矿泉水","unit":"瓶","box_num":0.0,"box_price":0.0,"price":2.0},{"food_discount":1.0,"quantity":1,"food_name":"20元特价套餐","sku_id":"","app_food_code":"20元特价套餐","unit":"份","box_num":1.0,"box_price":0.0,"price":20.0}],"avg_send_time":1913.0,"wm_order_id_view":4431761814289387,"original_price":32.0,"delivery_time":0,"day_seq":null,"utime":1456633219,"source_id":null,"wm_poi_id":443176,"latitude":40.020132,"longitude":116.310008,"app_poi_code":"lihua_poi_61","shipping_fee":6.0,"city_id":null,"remark":"","rider_fee":"","total":24.0,"status":2}]}
[ 2016-03-03T12:50:33+08:00 ]  
INFO: 开始美团网下载
[ 2016-03-03T12:50:33+08:00 ]  
INFO: 下载的url:http://waimaiopen.meituan.com/api/v1/order/getneworders?app_id=3&app_poi_code=lihua_poi_05&timestamp=1456980633&sig=6cbe7c77d9529b47ed67097783ea193f
[ 2016-03-03T12:50:33+08:00 ]  
INFO: 取订单返回的结果:{"data":[{"ctime":1456633219,"order_id":959605225,"pay_type":2,"is_third_shipping":0,"extras":[{"reduce_fee":8.0,"act_detail_id":null,"remark":"满25.0元减8.0元。","type":2}],"app_order_code":"","wm_poi_name":"丽华快餐(圆明园)","wm_poi_address":"北京水磨西街66号,清华大学西门斜对面","wm_poi_phone":"4008800400","recipient_name":"袁京龙(先生)","recipient_phone":"18612690705","recipient_address":"金苹果幼儿园(正白旗路) (北京市海淀区上地正白旗村正白旗公寓附近成都美食旁路口往里有走左侧斜道看见第一个路口往右走看见第一个)","caution":"","shipper_phone":"","has_invoiced":0,"invoice_title":"","is_pre":0,"expect_deliver_time":0,"shipping_type":null,"detail":[{"food_discount":1.0,"quantity":3,"food_name":"冰露矿泉水","sku_id":"","app_food_code":"冰露矿泉水","unit":"瓶","box_num":0.0,"box_price":0.0,"price":2.0},{"food_discount":1.0,"quantity":1,"food_name":"20元特价套餐","sku_id":"","app_food_code":"20元特价套餐","unit":"份","box_num":1.0,"box_price":0.0,"price":20.0}],"avg_send_time":1913.0,"wm_order_id_view":4431761814289387,"original_price":32.0,"delivery_time":0,"day_seq":null,"utime":1456633219,"source_id":null,"wm_poi_id":443176,"latitude":40.020132,"longitude":116.310008,"app_poi_code":"lihua_poi_61","shipping_fee":6.0,"city_id":null,"remark":"","rider_fee":"","total":24.0,"status":2}]}
[ 2016-03-03T12:51:06+08:00 ]  
INFO: 开始美团网下载
[ 2016-03-03T12:51:06+08:00 ]  
INFO: 下载的url:http://waimaiopen.meituan.com/api/v1/order/getneworders?app_id=3&app_poi_code=lihua_poi_05&timestamp=1456980666&sig=f26bd2c6f8d929d7f7eeff5ea79c595e
[ 2016-03-03T12:51:06+08:00 ]  
INFO: 取订单返回的结果:{"data":[{"ctime":1456633219,"order_id":959605225,"pay_type":2,"is_third_shipping":0,"extras":[{"reduce_fee":8.0,"act_detail_id":null,"remark":"满25.0元减8.0元。","type":2}],"app_order_code":"","wm_poi_name":"丽华快餐(圆明园)","wm_poi_address":"北京水磨西街66号,清华大学西门斜对面","wm_poi_phone":"4008800400","recipient_name":"袁京龙(先生)","recipient_phone":"18612690705","recipient_address":"金苹果幼儿园(正白旗路) (北京市海淀区上地正白旗村正白旗公寓附近成都美食旁路口往里有走左侧斜道看见第一个路口往右走看见第一个)","caution":"","shipper_phone":"","has_invoiced":0,"invoice_title":"","is_pre":0,"expect_deliver_time":0,"shipping_type":null,"detail":[{"food_discount":1.0,"quantity":3,"food_name":"冰露矿泉水","sku_id":"","app_food_code":"冰露矿泉水","unit":"瓶","box_num":0.0,"box_price":0.0,"price":2.0},{"food_discount":1.0,"quantity":1,"food_name":"20元特价套餐","sku_id":"","app_food_code":"20元特价套餐","unit":"份","box_num":1.0,"box_price":0.0,"price":20.0}],"avg_send_time":1913.0,"wm_order_id_view":4431761814289387,"original_price":32.0,"delivery_time":0,"day_seq":null,"utime":1456633219,"source_id":null,"wm_poi_id":443176,"latitude":40.020132,"longitude":116.310008,"app_poi_code":"lihua_poi_61","shipping_fee":6.0,"city_id":null,"remark":"","rider_fee":"","total":24.0,"status":2}]}
[ 2016-03-03T12:51:54+08:00 ]  
INFO: 开始美团网下载
[ 2016-03-03T12:51:54+08:00 ]  
INFO: 下载的url:http://waimaiopen.meituan.com/api/v1/order/getneworders?app_id=3&app_poi_code=lihua_poi_05&timestamp=1456980714&sig=ac1aa49c6ccc96104511e5624ec00e07
[ 2016-03-03T12:51:54+08:00 ]  
INFO: 取订单返回的结果:{"data":[{"ctime":1456633219,"order_id":959605225,"pay_type":2,"is_third_shipping":0,"extras":[{"reduce_fee":8.0,"act_detail_id":null,"remark":"满25.0元减8.0元。","type":2}],"app_order_code":"","wm_poi_name":"丽华快餐(圆明园)","wm_poi_address":"北京水磨西街66号,清华大学西门斜对面","wm_poi_phone":"4008800400","recipient_name":"袁京龙(先生)","recipient_phone":"18612690705","recipient_address":"金苹果幼儿园(正白旗路) (北京市海淀区上地正白旗村正白旗公寓附近成都美食旁路口往里有走左侧斜道看见第一个路口往右走看见第一个)","caution":"","shipper_phone":"","has_invoiced":0,"invoice_title":"","is_pre":0,"expect_deliver_time":0,"shipping_type":null,"detail":[{"food_discount":1.0,"quantity":3,"food_name":"冰露矿泉水","sku_id":"","app_food_code":"冰露矿泉水","unit":"瓶","box_num":0.0,"box_price":0.0,"price":2.0},{"food_discount":1.0,"quantity":1,"food_name":"20元特价套餐","sku_id":"","app_food_code":"20元特价套餐","unit":"份","box_num":1.0,"box_price":0.0,"price":20.0}],"avg_send_time":1913.0,"wm_order_id_view":4431761814289387,"original_price":32.0,"delivery_time":0,"day_seq":null,"utime":1456633219,"source_id":null,"wm_poi_id":443176,"latitude":40.020132,"longitude":116.310008,"app_poi_code":"lihua_poi_61","shipping_fee":6.0,"city_id":null,"remark":"","rider_fee":"","total":24.0,"status":2}]}
[ 2016-03-03T12:52:15+08:00 ]  
INFO: 开始美团网下载
[ 2016-03-03T12:52:15+08:00 ]  
INFO: 下载的url:http://waimaiopen.meituan.com/api/v1/order/getneworders?app_id=3&app_poi_code=lihua_poi_05&timestamp=1456980735&sig=ab42e3070f8c70feb2ab1b3b722a8834
[ 2016-03-03T12:52:15+08:00 ]  
INFO: 取订单返回的结果:{"data":[{"ctime":1456633219,"order_id":959605225,"pay_type":2,"is_third_shipping":0,"extras":[{"reduce_fee":8.0,"act_detail_id":null,"remark":"满25.0元减8.0元。","type":2}],"app_order_code":"","wm_poi_name":"丽华快餐(圆明园)","wm_poi_address":"北京水磨西街66号,清华大学西门斜对面","wm_poi_phone":"4008800400","recipient_name":"袁京龙(先生)","recipient_phone":"18612690705","recipient_address":"金苹果幼儿园(正白旗路) (北京市海淀区上地正白旗村正白旗公寓附近成都美食旁路口往里有走左侧斜道看见第一个路口往右走看见第一个)","caution":"","shipper_phone":"","has_invoiced":0,"invoice_title":"","is_pre":0,"expect_deliver_time":0,"shipping_type":null,"detail":[{"food_discount":1.0,"quantity":3,"food_name":"冰露矿泉水","sku_id":"","app_food_code":"冰露矿泉水","unit":"瓶","box_num":0.0,"box_price":0.0,"price":2.0},{"food_discount":1.0,"quantity":1,"food_name":"20元特价套餐","sku_id":"","app_food_code":"20元特价套餐","unit":"份","box_num":1.0,"box_price":0.0,"price":20.0}],"avg_send_time":1913.0,"wm_order_id_view":4431761814289387,"original_price":32.0,"delivery_time":0,"day_seq":null,"utime":1456633219,"source_id":null,"wm_poi_id":443176,"latitude":40.020132,"longitude":116.310008,"app_poi_code":"lihua_poi_61","shipping_fee":6.0,"city_id":null,"remark":"","rider_fee":"","total":24.0,"status":2}]}
[ 2016-03-03T12:52:47+08:00 ]  
INFO: 开始美团网下载
[ 2016-03-03T12:52:47+08:00 ]  
INFO: 下载的url:http://waimaiopen.meituan.com/api/v1/order/getneworders?app_id=3&app_poi_code=lihua_poi_05&timestamp=1456980767&sig=9b5f06b118987b4ad79db5f25193c113
[ 2016-03-03T12:52:47+08:00 ]  
INFO: 取订单返回的结果:{"data":[{"ctime":1456633219,"order_id":959605225,"pay_type":2,"is_third_shipping":0,"extras":[{"reduce_fee":8.0,"act_detail_id":null,"remark":"满25.0元减8.0元。","type":2}],"app_order_code":"","wm_poi_name":"丽华快餐(圆明园)","wm_poi_address":"北京水磨西街66号,清华大学西门斜对面","wm_poi_phone":"4008800400","recipient_name":"袁京龙(先生)","recipient_phone":"18612690705","recipient_address":"金苹果幼儿园(正白旗路) (北京市海淀区上地正白旗村正白旗公寓附近成都美食旁路口往里有走左侧斜道看见第一个路口往右走看见第一个)","caution":"","shipper_phone":"","has_invoiced":0,"invoice_title":"","is_pre":0,"expect_deliver_time":0,"shipping_type":null,"detail":[{"food_discount":1.0,"quantity":3,"food_name":"冰露矿泉水","sku_id":"","app_food_code":"冰露矿泉水","unit":"瓶","box_num":0.0,"box_price":0.0,"price":2.0},{"food_discount":1.0,"quantity":1,"food_name":"20元特价套餐","sku_id":"","app_food_code":"20元特价套餐","unit":"份","box_num":1.0,"box_price":0.0,"price":20.0}],"avg_send_time":1913.0,"wm_order_id_view":4431761814289387,"original_price":32.0,"delivery_time":0,"day_seq":null,"utime":1456633219,"source_id":null,"wm_poi_id":443176,"latitude":40.020132,"longitude":116.310008,"app_poi_code":"lihua_poi_61","shipping_fee":6.0,"city_id":null,"remark":"","rider_fee":"","total":24.0,"status":2}]}
[ 2016-03-03T12:57:07+08:00 ]  
INFO: 开始美团网下载
[ 2016-03-03T12:57:07+08:00 ]  
INFO: 下载的url:http://waimaiopen.meituan.com/api/v1/order/getneworders?app_id=3&app_poi_code=lihua_poi_05&timestamp=1456981027&sig=13f6fc28bc37332785d8e248319a5399
[ 2016-03-03T12:57:07+08:00 ]  
INFO: 取订单返回的结果:{"data":[{"ctime":1456633219,"order_id":959605225,"pay_type":2,"is_third_shipping":0,"extras":[{"reduce_fee":8.0,"act_detail_id":null,"remark":"满25.0元减8.0元。","type":2}],"app_order_code":"","wm_poi_name":"丽华快餐(圆明园)","wm_poi_address":"北京水磨西街66号,清华大学西门斜对面","wm_poi_phone":"4008800400","recipient_name":"袁京龙(先生)","recipient_phone":"18612690705","recipient_address":"金苹果幼儿园(正白旗路) (北京市海淀区上地正白旗村正白旗公寓附近成都美食旁路口往里有走左侧斜道看见第一个路口往右走看见第一个)","caution":"","shipper_phone":"","has_invoiced":0,"invoice_title":"","is_pre":0,"expect_deliver_time":0,"shipping_type":null,"detail":[{"food_discount":1.0,"quantity":3,"food_name":"冰露矿泉水","sku_id":"","app_food_code":"冰露矿泉水","unit":"瓶","box_num":0.0,"box_price":0.0,"price":2.0},{"food_discount":1.0,"quantity":1,"food_name":"20元特价套餐","sku_id":"","app_food_code":"20元特价套餐","unit":"份","box_num":1.0,"box_price":0.0,"price":20.0}],"avg_send_time":1913.0,"wm_order_id_view":4431761814289387,"original_price":32.0,"delivery_time":0,"day_seq":null,"utime":1456633219,"source_id":null,"wm_poi_id":443176,"latitude":40.020132,"longitude":116.310008,"app_poi_code":"lihua_poi_61","shipping_fee":6.0,"city_id":null,"remark":"","rider_fee":"","total":24.0,"status":2}]}
[ 2016-03-03T12:57:13+08:00 ]  
INFO: 开始美团网下载
[ 2016-03-03T12:57:13+08:00 ]  
INFO: 下载的url:http://waimaiopen.meituan.com/api/v1/order/getneworders?app_id=3&app_poi_code=lihua_poi_05&timestamp=1456981033&sig=3b23d692a27aa1c0e357395b226cf8a2
[ 2016-03-03T12:57:13+08:00 ]  
INFO: 取订单返回的结果:{"data":[{"ctime":1456633219,"order_id":959605225,"pay_type":2,"is_third_shipping":0,"extras":[{"reduce_fee":8.0,"act_detail_id":null,"remark":"满25.0元减8.0元。","type":2}],"app_order_code":"","wm_poi_name":"丽华快餐(圆明园)","wm_poi_address":"北京水磨西街66号,清华大学西门斜对面","wm_poi_phone":"4008800400","recipient_name":"袁京龙(先生)","recipient_phone":"18612690705","recipient_address":"金苹果幼儿园(正白旗路) (北京市海淀区上地正白旗村正白旗公寓附近成都美食旁路口往里有走左侧斜道看见第一个路口往右走看见第一个)","caution":"","shipper_phone":"","has_invoiced":0,"invoice_title":"","is_pre":0,"expect_deliver_time":0,"shipping_type":null,"detail":[{"food_discount":1.0,"quantity":3,"food_name":"冰露矿泉水","sku_id":"","app_food_code":"冰露矿泉水","unit":"瓶","box_num":0.0,"box_price":0.0,"price":2.0},{"food_discount":1.0,"quantity":1,"food_name":"20元特价套餐","sku_id":"","app_food_code":"20元特价套餐","unit":"份","box_num":1.0,"box_price":0.0,"price":20.0}],"avg_send_time":1913.0,"wm_order_id_view":4431761814289387,"original_price":32.0,"delivery_time":0,"day_seq":null,"utime":1456633219,"source_id":null,"wm_poi_id":443176,"latitude":40.020132,"longitude":116.310008,"app_poi_code":"lihua_poi_61","shipping_fee":6.0,"city_id":null,"remark":"","rider_fee":"","total":24.0,"status":2}]}
[ 2016-03-03T12:58:11+08:00 ]  
INFO: 开始美团网下载
[ 2016-03-03T12:58:11+08:00 ]  
INFO: 下载的url:http://waimaiopen.meituan.com/api/v1/order/getneworders?app_id=3&app_poi_code=lihua_poi_05&timestamp=1456981091&sig=128d2af80039280361b138bea6fbe46f
[ 2016-03-03T12:58:11+08:00 ]  
INFO: 取订单返回的结果:{"data":[{"ctime":1456633219,"order_id":959605225,"pay_type":2,"is_third_shipping":0,"extras":[{"reduce_fee":8.0,"act_detail_id":null,"remark":"满25.0元减8.0元。","type":2}],"app_order_code":"","wm_poi_name":"丽华快餐(圆明园)","wm_poi_address":"北京水磨西街66号,清华大学西门斜对面","wm_poi_phone":"4008800400","recipient_name":"袁京龙(先生)","recipient_phone":"18612690705","recipient_address":"金苹果幼儿园(正白旗路) (北京市海淀区上地正白旗村正白旗公寓附近成都美食旁路口往里有走左侧斜道看见第一个路口往右走看见第一个)","caution":"","shipper_phone":"","has_invoiced":0,"invoice_title":"","is_pre":0,"expect_deliver_time":0,"shipping_type":null,"detail":[{"food_discount":1.0,"quantity":3,"food_name":"冰露矿泉水","sku_id":"","app_food_code":"冰露矿泉水","unit":"瓶","box_num":0.0,"box_price":0.0,"price":2.0},{"food_discount":1.0,"quantity":1,"food_name":"20元特价套餐","sku_id":"","app_food_code":"20元特价套餐","unit":"份","box_num":1.0,"box_price":0.0,"price":20.0}],"avg_send_time":1913.0,"wm_order_id_view":4431761814289387,"original_price":32.0,"delivery_time":0,"day_seq":null,"utime":1456633219,"source_id":null,"wm_poi_id":443176,"latitude":40.020132,"longitude":116.310008,"app_poi_code":"lihua_poi_61","shipping_fee":6.0,"city_id":null,"remark":"","rider_fee":"","total":24.0,"status":2}]}
