[ 2016-03-02T11:06:43+08:00 ]  
INFO: [ app_init ] --START--
INFO: Run Behavior\BuildLiteBehavior [ RunTime:0.000014s ]
INFO: [ app_init ] --END-- [ RunTime:0.000229s ]
NOTIC: [8] Undefined index: REQUEST_METHOD /Applications/XAMPP/xamppfiles/htdocs/rmsdaemon/ThinkPHP/Library/Think/App.class.php 第 31 行.
NOTIC: [8] Undefined index: REQUEST_URI /Applications/XAMPP/xamppfiles/htdocs/rmsdaemon/ThinkPHP/Library/Think/Dispatcher.class.php 第 137 行.
ERR: 无法加载模块:Index

[ 2016-03-02T11:06:49+08:00 ]  
INFO: [ app_init ] --START--
INFO: Run Behavior\BuildLiteBehavior [ RunTime:0.000016s ]
INFO: [ app_init ] --END-- [ RunTime:0.000310s ]
NOTIC: [8] Undefined index: REQUEST_METHOD /Applications/XAMPP/xamppfiles/htdocs/rmsdaemon/ThinkPHP/Library/Think/App.class.php 第 31 行.
NOTIC: [8] Undefined index: REQUEST_URI /Applications/XAMPP/xamppfiles/htdocs/rmsdaemon/ThinkPHP/Library/Think/Dispatcher.class.php 第 137 行.
ERR: 无法加载模块:Index

[ 2016-03-02T11:07:10+08:00 ]  
INFO: [ app_init ] --START--
INFO: Run Behavior\BuildLiteBehavior [ RunTime:0.000054s ]
INFO: [ app_init ] --END-- [ RunTime:0.001464s ]
NOTIC: [8] Undefined index: REQUEST_METHOD /Applications/XAMPP/xamppfiles/htdocs/rmsdaemon/ThinkPHP/Library/Think/App.class.php 第 31 行.
NOTIC: [8] Undefined index: REQUEST_URI /Applications/XAMPP/xamppfiles/htdocs/rmsdaemon/ThinkPHP/Library/Think/Dispatcher.class.php 第 137 行.
ERR: 无法加载模块:Index

[ 2016-03-02T11:45:44+08:00 ]  
INFO: [ app_init ] --START--
INFO: Run Behavior\BuildLiteBehavior [ RunTime:0.000052s ]
INFO: [ app_init ] --END-- [ RunTime:0.000803s ]
NOTIC: [8] Undefined index: REQUEST_METHOD /Applications/XAMPP/xamppfiles/htdocs/rmsdaemon/ThinkPHP/Library/Think/App.class.php 第 31 行.
NOTIC: [8] Undefined index: REQUEST_URI /Applications/XAMPP/xamppfiles/htdocs/rmsdaemon/ThinkPHP/Library/Think/Dispatcher.class.php 第 137 行.
ERR: 无法加载模块:Index

[ 2016-03-02T11:47:01+08:00 ]  
INFO: [ app_init ] --START--
INFO: Run Behavior\BuildLiteBehavior [ RunTime:0.000018s ]
INFO: [ app_init ] --END-- [ RunTime:0.000275s ]
NOTIC: [8] Undefined index: REQUEST_METHOD /Applications/XAMPP/xamppfiles/htdocs/rmsdaemon/ThinkPHP/Library/Think/App.class.php 第 31 行.
NOTIC: [8] Undefined index: REQUEST_URI /Applications/XAMPP/xamppfiles/htdocs/rmsdaemon/ThinkPHP/Library/Think/Dispatcher.class.php 第 137 行.
ERR: 无法加载模块:Index

[ 2016-03-02T11:47:05+08:00 ]  
INFO: [ app_init ] --START--
INFO: Run Behavior\BuildLiteBehavior [ RunTime:0.000027s ]
INFO: [ app_init ] --END-- [ RunTime:0.000454s ]
NOTIC: [8] Undefined index: REQUEST_METHOD /Applications/XAMPP/xamppfiles/htdocs/rmsdaemon/ThinkPHP/Library/Think/App.class.php 第 31 行.
NOTIC: [8] Undefined index: REQUEST_URI /Applications/XAMPP/xamppfiles/htdocs/rmsdaemon/ThinkPHP/Library/Think/Dispatcher.class.php 第 137 行.
ERR: 无法加载模块:Indexindex

[ 2016-03-02T11:47:13+08:00 ]  
INFO: [ app_init ] --START--
INFO: Run Behavior\BuildLiteBehavior [ RunTime:0.000013s ]
INFO: [ app_init ] --END-- [ RunTime:0.000224s ]
NOTIC: [8] Undefined index: REQUEST_METHOD /Applications/XAMPP/xamppfiles/htdocs/rmsdaemon/ThinkPHP/Library/Think/App.class.php 第 31 行.
NOTIC: [8] Undefined index: REQUEST_URI /Applications/XAMPP/xamppfiles/htdocs/rmsdaemon/ThinkPHP/Library/Think/Dispatcher.class.php 第 137 行.
ERR: 无法加载模块:Index

[ 2016-03-02T11:47:33+08:00 ]  
INFO: [ app_init ] --START--
INFO: Run Behavior\BuildLiteBehavior [ RunTime:0.000014s ]
INFO: [ app_init ] --END-- [ RunTime:0.000242s ]
NOTIC: [8] Undefined index: REQUEST_METHOD /Applications/XAMPP/xamppfiles/htdocs/rmsdaemon/ThinkPHP/Library/Think/App.class.php 第 31 行.
NOTIC: [8] Undefined index: REQUEST_URI /Applications/XAMPP/xamppfiles/htdocs/rmsdaemon/ThinkPHP/Library/Think/Dispatcher.class.php 第 137 行.
ERR: 无法加载模块:Index

[ 2016-03-02T11:47:36+08:00 ]  
INFO: [ app_init ] --START--
INFO: Run Behavior\BuildLiteBehavior [ RunTime:0.000013s ]
INFO: [ app_init ] --END-- [ RunTime:0.000232s ]
NOTIC: [8] Undefined index: REQUEST_METHOD /Applications/XAMPP/xamppfiles/htdocs/rmsdaemon/ThinkPHP/Library/Think/App.class.php 第 31 行.
NOTIC: [8] Undefined index: REQUEST_URI /Applications/XAMPP/xamppfiles/htdocs/rmsdaemon/ThinkPHP/Library/Think/Dispatcher.class.php 第 137 行.
ERR: 无法加载模块:Index

[ 2016-03-02T11:48:15+08:00 ]  
INFO: [ app_init ] --START--
INFO: Run Behavior\BuildLiteBehavior [ RunTime:0.000024s ]
INFO: [ app_init ] --END-- [ RunTime:0.000499s ]
NOTIC: [8] Undefined index: REQUEST_METHOD /Applications/XAMPP/xamppfiles/htdocs/rmsdaemon/ThinkPHP/Library/Think/App.class.php 第 31 行.
NOTIC: [8] Undefined index: REQUEST_URI /Applications/XAMPP/xamppfiles/htdocs/rmsdaemon/ThinkPHP/Library/Think/Dispatcher.class.php 第 137 行.
ERR: 无法加载模块:Index

